[+] Containers:
 |- [+] Container: /Game/DragonWord/MAP/LevelTwo
 |   |- [+] ActorDescs:
 |   |   |- Guid:03881EE04CBCBFCC7EED1EA7386E40B1 BaseClass: NativeClass:/Script/Landscape.Landscape Name:Landscape_UAID_00933796AD3D76E001_1791702471 Label:Landscape2 SpatiallyLoaded:0 Bounds:IsValid=true, Min=(X=-25203.000 Y=28983.000 Z=100.000), Max=(X=-25203.000 Y=28983.000 Z=100.000) RuntimeGrid:None EditorOnly:0 RuntimeOnly:0 HLODRelevant:0
 |   |   |- Guid:126F969A4E6699C6F5F80E8B5DD759AC BaseClass: NativeClass:/Script/Landscape.LandscapeStreamingProxy Name:LandscapeStreamingProxy_30BQ2WR44U69KPGEWXVNZ26G9_126_3_0_0 Label:LandscapeStreamingProxy_3_0_0 SpatiallyLoaded:1 Bounds:IsValid=true, Min=(X=59231.000 Y=33917.000 Z=16.000), Max=(X=69311.000 Y=43997.000 Z=176.000) RuntimeGrid:None EditorOnly:0 RuntimeOnly:0 HLODRelevant:1
 |   |   |- Guid:13C4E43A40D6723D3539A088E7F590C5 BaseClass: NativeClass:/Script/Landscape.LandscapeStreamingProxy Name:LandscapeStreamingProxy_9M9QAJ0AC6VBH8ULLXNR0IIJ8_126_1_2_0 Label:LandscapeStreamingProxy_1_2_0 SpatiallyLoaded:1 Bounds:IsValid=true, Min=(X=-12600.000 Y=0.000 Z=0.000), Max=(X=0.000 Y=12600.000 Z=200.000) RuntimeGrid:None EditorOnly:0 RuntimeOnly:0 HLODRelevant:1
 |   |   |- Guid:13F0196947239FCD768B5F886DD1C6DE BaseClass: NativeClass:/Script/Engine.SkyLight Name:SkyLight_UAID_00933796AD3D2BE001_1282298275 Label:SkyLight SpatiallyLoaded:0 Bounds:IsValid=true, Min=(X=0.000 Y=0.000 Z=0.000), Max=(X=0.000 Y=0.000 Z=0.000) RuntimeGrid:None EditorOnly:0 RuntimeOnly:0 HLODRelevant:0 FolderPath:LightsClouds FolderGuid:F09AC70E4789C29FA409058936164066
 |   |   |- Guid:161695A146A93BC7E7CAA7B86DF7C6DB BaseClass: NativeClass:/Script/Landscape.LandscapeStreamingProxy Name:LandscapeStreamingProxy_30BQ2WR44U69KPGEWXVNZ26G9_126_1_1_0 Label:LandscapeStreamingProxy_1_1_0 SpatiallyLoaded:1 Bounds:IsValid=true, Min=(X=39071.000 Y=43997.000 Z=16.000), Max=(X=49151.000 Y=54077.000 Z=176.000) RuntimeGrid:None EditorOnly:0 RuntimeOnly:0 HLODRelevant:1
 |   |   |- Guid:22803EAF41737FAFE8E124B197CA31AC BaseClass: NativeClass:/Script/Landscape.LandscapeStreamingProxy Name:LandscapeStreamingProxy_3FWVZUP1D8I7AOMDP9700EO7Q_126_1_2_0 Label:LandscapeStreamingProxy_1_2_0 SpatiallyLoaded:1 Bounds:IsValid=true, Min=(X=-12603.000 Y=54183.000 Z=0.000), Max=(X=-3.000 Y=66783.000 Z=200.000) RuntimeGrid:None EditorOnly:0 RuntimeOnly:0 HLODRelevant:1
 |   |   |- Guid:251535464AA6A23B7E1E3985271259B2 BaseClass:/Game/DragonWord/Player/StefanoPlayer.StefanoPlayer_C NativeClass:/Script/Engine.Character Name:StefanoPlayer_C_UAID_00933796AD3D2BE001_1218279273 Label:StefanoPlayer SpatiallyLoaded:1 Bounds:IsValid=true, Min=(X=23091.995 Y=-24056.192 Z=100.000), Max=(X=23249.541 Y=-23927.197 Z=356.765) RuntimeGrid:None EditorOnly:0 RuntimeOnly:0 HLODRelevant:0
 |   |   |- Guid:268782924517EAA7509DC7A0FAB7EE19 BaseClass: NativeClass:/Script/NavigationSystem.NavMeshBoundsVolume Name:NavMeshBoundsVolume_UAID_00933796AD3D77E001_1483187651 Label:NavMeshBoundsVolume2 SpatiallyLoaded:0 Bounds:IsValid=true, Min=(X=-25386.000 Y=17646.000 Z=2111.000), Max=(X=-25186.000 Y=22096.000 Z=2311.000) RuntimeGrid:None EditorOnly:0 RuntimeOnly:0 HLODRelevant:0
 |   |   |- Guid:277800704FF8E7F7C033AE9B998DC8A5 BaseClass: NativeClass:/Script/Engine.WorldDataLayers Name:WorldDataLayers Label:WorldDataLayers SpatiallyLoaded:0 Bounds:IsValid=true, Min=(X=0.000 Y=0.000 Z=0.000), Max=(X=0.000 Y=0.000 Z=0.000) RuntimeGrid:None EditorOnly:0 RuntimeOnly:0 HLODRelevant:0
 |   |   |- Guid:2C5E6C894D739A32E75F518033E6144D BaseClass: NativeClass:/Script/NavigationSystem.RecastNavMesh Name:RecastNavMesh_UAID_00933796AD3D77E001-Default Label:RecastNavMesh-Default SpatiallyLoaded:0 Bounds:IsValid=true, Min=(X=0.000 Y=0.000 Z=0.000), Max=(X=0.000 Y=0.000 Z=0.000) RuntimeGrid:None EditorOnly:0 RuntimeOnly:0 HLODRelevant:0
 |   |   |- Guid:34BF183449ACF035347BEC920C9DB758 BaseClass: NativeClass:/Script/Landscape.LandscapeStreamingProxy Name:LandscapeStreamingProxy_30BQ2WR44U69KPGEWXVNZ26G9_126_0_1_0 Label:LandscapeStreamingProxy_0_1_0 SpatiallyLoaded:1 Bounds:IsValid=true, Min=(X=28991.000 Y=43997.000 Z=16.000), Max=(X=39071.000 Y=54077.000 Z=176.000) RuntimeGrid:None EditorOnly:0 RuntimeOnly:0 HLODRelevant:1
 |   |   |- Guid:379F3D464181D52251E2548CC0152519 BaseClass: NativeClass:/Script/Landscape.LandscapeStreamingProxy Name:LandscapeStreamingProxy_3FWVZUP1D8I7AOMDP9700EO7Q_126_1_3_0 Label:LandscapeStreamingProxy_1_3_0 SpatiallyLoaded:1 Bounds:IsValid=true, Min=(X=-12603.000 Y=66783.000 Z=0.000), Max=(X=-3.000 Y=79383.000 Z=200.000) RuntimeGrid:None EditorOnly:0 RuntimeOnly:0 HLODRelevant:1
 |   |   |- Guid:38DA74E4461314EE51418D96DC085ECD BaseClass: NativeClass:/Script/Landscape.LandscapeStreamingProxy Name:LandscapeStreamingProxy_30BQ2WR44U69KPGEWXVNZ26G9_126_2_3_0 Label:LandscapeStreamingProxy_2_3_0 SpatiallyLoaded:1 Bounds:IsValid=true, Min=(X=49151.000 Y=64157.000 Z=16.000), Max=(X=59231.000 Y=74237.000 Z=176.000) RuntimeGrid:None EditorOnly:0 RuntimeOnly:0 HLODRelevant:1
 |   |   |- Guid:39459ECE45275B74AF3E7FB69B2BAED4 BaseClass: NativeClass:/Script/Landscape.LandscapeStreamingProxy Name:LandscapeStreamingProxy_9M9QAJ0AC6VBH8ULLXNR0IIJ8_126_3_2_0 Label:LandscapeStreamingProxy_3_2_0 SpatiallyLoaded:1 Bounds:IsValid=true, Min=(X=12600.000 Y=0.000 Z=0.000), Max=(X=25200.000 Y=12600.000 Z=200.000) RuntimeGrid:None EditorOnly:0 RuntimeOnly:0 HLODRelevant:1
 |   |   |- Guid:3A6D60A74C112853A563EC991D037BD8 BaseClass: NativeClass:/Script/Landscape.LandscapeStreamingProxy Name:LandscapeStreamingProxy_9M9QAJ0AC6VBH8ULLXNR0IIJ8_126_2_2_0 Label:LandscapeStreamingProxy_2_2_0 SpatiallyLoaded:1 Bounds:IsValid=true, Min=(X=0.000 Y=0.000 Z=0.000), Max=(X=12600.000 Y=12600.000 Z=200.000) RuntimeGrid:None EditorOnly:0 RuntimeOnly:0 HLODRelevant:1
 |   |   |- Guid:3A82F6CA41F944FC1C192184AF90348E BaseClass: NativeClass:/Script/Landscape.LandscapeStreamingProxy Name:LandscapeStreamingProxy_3FWVZUP1D8I7AOMDP9700EO7Q_126_2_3_0 Label:LandscapeStreamingProxy_2_3_0 SpatiallyLoaded:1 Bounds:IsValid=true, Min=(X=-3.000 Y=66783.000 Z=0.000), Max=(X=12597.000 Y=79383.000 Z=200.000) RuntimeGrid:None EditorOnly:0 RuntimeOnly:0 HLODRelevant:1
 |   |   |- Guid:3D5696704157EF7B8572A9BEE5CA6892 BaseClass: NativeClass:/Script/Landscape.LandscapeStreamingProxy Name:LandscapeStreamingProxy_3FWVZUP1D8I7AOMDP9700EO7Q_126_0_1_0 Label:LandscapeStreamingProxy_0_1_0 SpatiallyLoaded:1 Bounds:IsValid=true, Min=(X=-25203.000 Y=41583.000 Z=0.000), Max=(X=-12603.000 Y=54183.000 Z=200.000) RuntimeGrid:None EditorOnly:0 RuntimeOnly:0 HLODRelevant:1
 |   |   |- Guid:3FBF1DAB4B3DE93E97641CB1F5A0B0EF BaseClass: NativeClass:/Script/Landscape.Landscape Name:Landscape_UAID_00933796AD3D2BE001_1163369272 Label:Landscape SpatiallyLoaded:0 Bounds:IsValid=true, Min=(X=-25200.000 Y=-25200.000 Z=100.000), Max=(X=-25200.000 Y=-25200.000 Z=100.000) RuntimeGrid:None EditorOnly:0 RuntimeOnly:0 HLODRelevant:0
 |   |   |- Guid:4151B29740D71D763762CEB2EFE9B9EF BaseClass: NativeClass:/Script/Landscape.Landscape Name:Landscape_UAID_00933796AD3D76E001_1843907472 Label:Landscape3 SpatiallyLoaded:0 Bounds:IsValid=true, Min=(X=28991.000 Y=33917.000 Z=96.000), Max=(X=28991.000 Y=33917.000 Z=96.000) RuntimeGrid:None EditorOnly:0 RuntimeOnly:0 HLODRelevant:0
 |   |   |- Guid:4269EB584A31EAF1A87195AD0671D3C1 BaseClass: NativeClass:/Script/Landscape.LandscapeStreamingProxy Name:LandscapeStreamingProxy_30BQ2WR44U69KPGEWXVNZ26G9_126_1_0_0 Label:LandscapeStreamingProxy_1_0_0 SpatiallyLoaded:1 Bounds:IsValid=true, Min=(X=39071.000 Y=33917.000 Z=16.000), Max=(X=49151.000 Y=43997.000 Z=176.000) RuntimeGrid:None EditorOnly:0 RuntimeOnly:0 HLODRelevant:1
 |   |   |- Guid:4D256F284BCF9254508BD7BAE30D35D4 BaseClass: NativeClass:/Script/Landscape.LandscapeStreamingProxy Name:LandscapeStreamingProxy_9M9QAJ0AC6VBH8ULLXNR0IIJ8_126_2_0_0 Label:LandscapeStreamingProxy_2_0_0 SpatiallyLoaded:1 Bounds:IsValid=true, Min=(X=0.000 Y=-25200.000 Z=0.000), Max=(X=12600.000 Y=-12600.000 Z=200.000) RuntimeGrid:None EditorOnly:0 RuntimeOnly:0 HLODRelevant:1
 |   |   |- Guid:4EACB19B4AB08ED84F21FDB7D4B699A3 BaseClass: NativeClass:/Script/Landscape.LandscapeStreamingProxy Name:LandscapeStreamingProxy_3FWVZUP1D8I7AOMDP9700EO7Q_126_0_0_0 Label:LandscapeStreamingProxy_0_0_0 SpatiallyLoaded:1 Bounds:IsValid=true, Min=(X=-25203.000 Y=28983.000 Z=0.000), Max=(X=-12603.000 Y=41583.000 Z=200.000) RuntimeGrid:None EditorOnly:0 RuntimeOnly:0 HLODRelevant:1
 |   |   |- Guid:4FE28F9843E315E766EF199FDD7B68A8 BaseClass: NativeClass:/Script/Landscape.LandscapeStreamingProxy Name:LandscapeStreamingProxy_9M9QAJ0AC6VBH8ULLXNR0IIJ8_126_1_0_0 Label:LandscapeStreamingProxy_1_0_0 SpatiallyLoaded:1 Bounds:IsValid=true, Min=(X=-12600.000 Y=-25200.000 Z=0.000), Max=(X=0.000 Y=-12600.000 Z=200.000) RuntimeGrid:None EditorOnly:0 RuntimeOnly:0 HLODRelevant:1
 |   |   |- Guid:52DCEB7C4CD3B7A4A17EE180A47F7271 BaseClass: NativeClass:/Script/Landscape.LandscapeStreamingProxy Name:LandscapeStreamingProxy_9M9QAJ0AC6VBH8ULLXNR0IIJ8_126_3_0_0 Label:LandscapeStreamingProxy_3_0_0 SpatiallyLoaded:1 Bounds:IsValid=true, Min=(X=12600.000 Y=-25200.000 Z=-181.250), Max=(X=25200.000 Y=-12600.000 Z=1219.531) RuntimeGrid:None EditorOnly:0 RuntimeOnly:0 HLODRelevant:1
 |   |   |- Guid:54ABD2714C69F486CAEFD882540B88B6 BaseClass: NativeClass:/Script/Landscape.LandscapeStreamingProxy Name:LandscapeStreamingProxy_3FWVZUP1D8I7AOMDP9700EO7Q_126_2_0_0 Label:LandscapeStreamingProxy_2_0_0 SpatiallyLoaded:1 Bounds:IsValid=true, Min=(X=-3.000 Y=28983.000 Z=0.000), Max=(X=12597.000 Y=41583.000 Z=200.000) RuntimeGrid:None EditorOnly:0 RuntimeOnly:0 HLODRelevant:1
 |   |   |- Guid:54D64A55435987962E2AB48740467569 BaseClass: NativeClass:/Script/Landscape.LandscapeStreamingProxy Name:LandscapeStreamingProxy_9M9QAJ0AC6VBH8ULLXNR0IIJ8_126_0_0_0 Label:LandscapeStreamingProxy_0_0_0 SpatiallyLoaded:1 Bounds:IsValid=true, Min=(X=-25200.000 Y=-25200.000 Z=100.000), Max=(X=-12600.000 Y=-12600.000 Z=645.312) RuntimeGrid:None EditorOnly:0 RuntimeOnly:0 HLODRelevant:1
 |   |   |- Guid:61070D7D41B06E21CD5ACBB238261A5E BaseClass: NativeClass:/Script/Landscape.LandscapeStreamingProxy Name:LandscapeStreamingProxy_3FWVZUP1D8I7AOMDP9700EO7Q_126_1_0_0 Label:LandscapeStreamingProxy_1_0_0 SpatiallyLoaded:1 Bounds:IsValid=true, Min=(X=-12603.000 Y=28983.000 Z=0.000), Max=(X=-3.000 Y=41583.000 Z=200.000) RuntimeGrid:None EditorOnly:0 RuntimeOnly:0 HLODRelevant:1
 |   |   |- Guid:62100395406E684D0C98808B3274A164 BaseClass: NativeClass:/Script/Landscape.LandscapeStreamingProxy Name:LandscapeStreamingProxy_9M9QAJ0AC6VBH8ULLXNR0IIJ8_126_0_3_0 Label:LandscapeStreamingProxy_0_3_0 SpatiallyLoaded:1 Bounds:IsValid=true, Min=(X=-25200.000 Y=12600.000 Z=0.000), Max=(X=-12600.000 Y=25200.000 Z=200.000) RuntimeGrid:None EditorOnly:0 RuntimeOnly:0 HLODRelevant:1
 |   |   |- Guid:635A21B04A07E30A9F5BBE80BE450635 BaseClass: NativeClass:/Script/Landscape.LandscapeStreamingProxy Name:LandscapeStreamingProxy_9M9QAJ0AC6VBH8ULLXNR0IIJ8_126_0_2_0 Label:LandscapeStreamingProxy_0_2_0 SpatiallyLoaded:1 Bounds:IsValid=true, Min=(X=-25200.000 Y=0.000 Z=0.000), Max=(X=-12600.000 Y=12600.000 Z=200.000) RuntimeGrid:None EditorOnly:0 RuntimeOnly:0 HLODRelevant:1
 |   |   |- Guid:68261DCB4E094F0408AED08A1CF96991 BaseClass: NativeClass:/Script/Landscape.LandscapeStreamingProxy Name:LandscapeStreamingProxy_30BQ2WR44U69KPGEWXVNZ26G9_126_2_1_0 Label:LandscapeStreamingProxy_2_1_0 SpatiallyLoaded:1 Bounds:IsValid=true, Min=(X=49151.000 Y=43997.000 Z=16.000), Max=(X=59231.000 Y=54077.000 Z=176.000) RuntimeGrid:None EditorOnly:0 RuntimeOnly:0 HLODRelevant:1
 |   |   |- Guid:698718DA4DD864A7503A4CAE45B6F98B BaseClass: NativeClass:/Script/Landscape.LandscapeStreamingProxy Name:LandscapeStreamingProxy_3FWVZUP1D8I7AOMDP9700EO7Q_126_2_2_0 Label:LandscapeStreamingProxy_2_2_0 SpatiallyLoaded:1 Bounds:IsValid=true, Min=(X=-3.000 Y=54183.000 Z=0.000), Max=(X=12597.000 Y=66783.000 Z=200.000) RuntimeGrid:None EditorOnly:0 RuntimeOnly:0 HLODRelevant:1
 |   |   |- Guid:6A8060CB488112525A3CA599AE372922 BaseClass: NativeClass:/Script/Landscape.LandscapeStreamingProxy Name:LandscapeStreamingProxy_9M9QAJ0AC6VBH8ULLXNR0IIJ8_126_1_3_0 Label:LandscapeStreamingProxy_1_3_0 SpatiallyLoaded:1 Bounds:IsValid=true, Min=(X=-12600.000 Y=12600.000 Z=0.000), Max=(X=0.000 Y=25200.000 Z=200.000) RuntimeGrid:None EditorOnly:0 RuntimeOnly:0 HLODRelevant:1
 |   |   |- Guid:6E7FDD0944D177C3FADD9B95C547A9CD BaseClass: NativeClass:/Script/Landscape.LandscapeStreamingProxy Name:LandscapeStreamingProxy_30BQ2WR44U69KPGEWXVNZ26G9_126_1_2_0 Label:LandscapeStreamingProxy_1_2_0 SpatiallyLoaded:1 Bounds:IsValid=true, Min=(X=39071.000 Y=54077.000 Z=16.000), Max=(X=49151.000 Y=64157.000 Z=176.000) RuntimeGrid:None EditorOnly:0 RuntimeOnly:0 HLODRelevant:1
 |   |   |- Guid:895E894147B7C5C766B2698EC0FEF975 BaseClass: NativeClass:/Script/Landscape.LandscapeStreamingProxy Name:LandscapeStreamingProxy_30BQ2WR44U69KPGEWXVNZ26G9_126_1_3_0 Label:LandscapeStreamingProxy_1_3_0 SpatiallyLoaded:1 Bounds:IsValid=true, Min=(X=39071.000 Y=64157.000 Z=16.000), Max=(X=49151.000 Y=74237.000 Z=176.000) RuntimeGrid:None EditorOnly:0 RuntimeOnly:0 HLODRelevant:1
 |   |   |- Guid:89DCD229472AFA244948489926B0E9C0 BaseClass: NativeClass:/Script/Landscape.LandscapeStreamingProxy Name:LandscapeStreamingProxy_3FWVZUP1D8I7AOMDP9700EO7Q_126_3_0_0 Label:LandscapeStreamingProxy_3_0_0 SpatiallyLoaded:1 Bounds:IsValid=true, Min=(X=12597.000 Y=28983.000 Z=0.000), Max=(X=25197.000 Y=41583.000 Z=200.000) RuntimeGrid:None EditorOnly:0 RuntimeOnly:0 HLODRelevant:1
 |   |   |- Guid:916EB2224CA60437EDA510B75FD98582 BaseClass: NativeClass:/Script/Engine.ExponentialHeightFog Name:ExponentialHeightFog_UAID_00933796AD3D2BE001_1284756279 Label:ExponentialHeightFog SpatiallyLoaded:0 Bounds:IsValid=true, Min=(X=0.000 Y=0.000 Z=0.000), Max=(X=0.000 Y=0.000 Z=0.000) RuntimeGrid:None EditorOnly:0 RuntimeOnly:0 HLODRelevant:0 FolderPath:LightsClouds FolderGuid:F09AC70E4789C29FA409058936164066
 |   |   |- Guid:93D913884F027235F5D144A9E72B9B8C BaseClass: NativeClass:/Script/Landscape.LandscapeStreamingProxy Name:LandscapeStreamingProxy_9M9QAJ0AC6VBH8ULLXNR0IIJ8_126_1_1_0 Label:LandscapeStreamingProxy_1_1_0 SpatiallyLoaded:1 Bounds:IsValid=true, Min=(X=-12600.000 Y=-12600.000 Z=0.000), Max=(X=0.000 Y=0.000 Z=200.000) RuntimeGrid:None EditorOnly:0 RuntimeOnly:0 HLODRelevant:1
 |   |   |- Guid:94F687F74EA50BAA8A023A84198AE640 BaseClass: NativeClass:/Script/Engine.VolumetricCloud Name:VolumetricCloud_UAID_00933796AD3D2BE001_1283507277 Label:VolumetricCloud SpatiallyLoaded:0 Bounds:IsValid=true, Min=(X=0.000 Y=0.000 Z=0.000), Max=(X=0.000 Y=0.000 Z=0.000) RuntimeGrid:None EditorOnly:0 RuntimeOnly:0 HLODRelevant:0 FolderPath:LightsClouds FolderGuid:F09AC70E4789C29FA409058936164066
 |   |   |- Guid:9EDC06624FC5E27107C91192F3C3FEA5 BaseClass: NativeClass:/Script/Landscape.LandscapeStreamingProxy Name:LandscapeStreamingProxy_9M9QAJ0AC6VBH8ULLXNR0IIJ8_126_2_1_0 Label:LandscapeStreamingProxy_2_1_0 SpatiallyLoaded:1 Bounds:IsValid=true, Min=(X=0.000 Y=-12600.000 Z=-31.250), Max=(X=12600.000 Y=0.000 Z=4323.438) RuntimeGrid:None EditorOnly:0 RuntimeOnly:0 HLODRelevant:1
 |   |   |- Guid:A31BB9424D77F35B1FA122B0D052995D BaseClass: NativeClass:/Script/Landscape.LandscapeStreamingProxy Name:LandscapeStreamingProxy_3FWVZUP1D8I7AOMDP9700EO7Q_126_3_1_0 Label:LandscapeStreamingProxy_3_1_0 SpatiallyLoaded:1 Bounds:IsValid=true, Min=(X=12597.000 Y=41583.000 Z=0.000), Max=(X=25197.000 Y=54183.000 Z=200.000) RuntimeGrid:None EditorOnly:0 RuntimeOnly:0 HLODRelevant:1
 |   |   |- Guid:A58EB60B4AC0308B38D322AB66FA7E9E BaseClass: NativeClass:/Script/Landscape.LandscapeStreamingProxy Name:LandscapeStreamingProxy_30BQ2WR44U69KPGEWXVNZ26G9_126_2_2_0 Label:LandscapeStreamingProxy_2_2_0 SpatiallyLoaded:1 Bounds:IsValid=true, Min=(X=49151.000 Y=54077.000 Z=16.000), Max=(X=59231.000 Y=64157.000 Z=176.000) RuntimeGrid:None EditorOnly:0 RuntimeOnly:0 HLODRelevant:1
 |   |   |- Guid:A880494042B1B58716748197EEA5C4F3 BaseClass: NativeClass:/Script/Landscape.LandscapeStreamingProxy Name:LandscapeStreamingProxy_9M9QAJ0AC6VBH8ULLXNR0IIJ8_126_2_3_0 Label:LandscapeStreamingProxy_2_3_0 SpatiallyLoaded:1 Bounds:IsValid=true, Min=(X=0.000 Y=12600.000 Z=0.000), Max=(X=12600.000 Y=25200.000 Z=200.000) RuntimeGrid:None EditorOnly:0 RuntimeOnly:0 HLODRelevant:1
 |   |   |- Guid:A88FB4F8481F2321609E608E1ADCF28B BaseClass: NativeClass:/Script/Landscape.LandscapeStreamingProxy Name:LandscapeStreamingProxy_9M9QAJ0AC6VBH8ULLXNR0IIJ8_126_0_1_0 Label:LandscapeStreamingProxy_0_1_0 SpatiallyLoaded:1 Bounds:IsValid=true, Min=(X=-25200.000 Y=-12600.000 Z=100.000), Max=(X=-12600.000 Y=0.000 Z=170.312) RuntimeGrid:None EditorOnly:0 RuntimeOnly:0 HLODRelevant:1
 |   |   |- Guid:AB52C205440B9757C710E5A41B054CF8 BaseClass: NativeClass:/Script/Landscape.LandscapeStreamingProxy Name:LandscapeStreamingProxy_3FWVZUP1D8I7AOMDP9700EO7Q_126_3_3_0 Label:LandscapeStreamingProxy_3_3_0 SpatiallyLoaded:1 Bounds:IsValid=true, Min=(X=12597.000 Y=66783.000 Z=0.000), Max=(X=25197.000 Y=79383.000 Z=200.000) RuntimeGrid:None EditorOnly:0 RuntimeOnly:0 HLODRelevant:1
 |   |   |- Guid:AE32F97B49CDFE5F80E248A9AFC5F4BE BaseClass: NativeClass:/Script/Landscape.LandscapeStreamingProxy Name:LandscapeStreamingProxy_30BQ2WR44U69KPGEWXVNZ26G9_126_0_0_0 Label:LandscapeStreamingProxy_0_0_0 SpatiallyLoaded:1 Bounds:IsValid=true, Min=(X=28991.000 Y=33917.000 Z=16.000), Max=(X=39071.000 Y=43997.000 Z=176.000) RuntimeGrid:None EditorOnly:0 RuntimeOnly:0 HLODRelevant:1
 |   |   |- Guid:B14B214C462F95ECB20A50ABD307B8CB BaseClass: NativeClass:/Script/Landscape.LandscapeStreamingProxy Name:LandscapeStreamingProxy_3FWVZUP1D8I7AOMDP9700EO7Q_126_0_2_0 Label:LandscapeStreamingProxy_0_2_0 SpatiallyLoaded:1 Bounds:IsValid=true, Min=(X=-25203.000 Y=54183.000 Z=0.000), Max=(X=-12603.000 Y=66783.000 Z=200.000) RuntimeGrid:None EditorOnly:0 RuntimeOnly:0 HLODRelevant:1
 |   |   |- Guid:B30E2DA84D7A794CF8A02D850298FBB8 BaseClass: NativeClass:/Script/Engine.DirectionalLight Name:DirectionalLight_UAID_00933796AD3D2BE001_1284073278 Label:DirectionalLight SpatiallyLoaded:0 Bounds:IsValid=true, Min=(X=-4398046511104.000 Y=-4398046511104.000 Z=-4398046511104.000), Max=(X=4398046511104.000 Y=4398046511104.000 Z=4398046511104.000) RuntimeGrid:None EditorOnly:0 RuntimeOnly:0 HLODRelevant:0 FolderPath:LightsClouds FolderGuid:F09AC70E4789C29FA409058936164066
 |   |   |- Guid:B9C71B0449A9EBFDC6CB168C5378E753 BaseClass: NativeClass:/Script/Landscape.LandscapeStreamingProxy Name:LandscapeStreamingProxy_3FWVZUP1D8I7AOMDP9700EO7Q_126_0_3_0 Label:LandscapeStreamingProxy_0_3_0 SpatiallyLoaded:1 Bounds:IsValid=true, Min=(X=-25203.000 Y=66783.000 Z=0.000), Max=(X=-12603.000 Y=79383.000 Z=200.000) RuntimeGrid:None EditorOnly:0 RuntimeOnly:0 HLODRelevant:1
 |   |   |- Guid:BC505C664BEE837543E099A225D56AA5 BaseClass: NativeClass:/Script/Landscape.LandscapeStreamingProxy Name:LandscapeStreamingProxy_3FWVZUP1D8I7AOMDP9700EO7Q_126_3_2_0 Label:LandscapeStreamingProxy_3_2_0 SpatiallyLoaded:1 Bounds:IsValid=true, Min=(X=12597.000 Y=54183.000 Z=0.000), Max=(X=25197.000 Y=66783.000 Z=200.000) RuntimeGrid:None EditorOnly:0 RuntimeOnly:0 HLODRelevant:1
 |   |   |- Guid:C7D7F83E49FF59886BF38BA61BB32D7B BaseClass: NativeClass:/Script/Landscape.LandscapeStreamingProxy Name:LandscapeStreamingProxy_9M9QAJ0AC6VBH8ULLXNR0IIJ8_126_3_1_0 Label:LandscapeStreamingProxy_3_1_0 SpatiallyLoaded:1 Bounds:IsValid=true, Min=(X=12600.000 Y=-12600.000 Z=-181.250), Max=(X=25200.000 Y=0.000 Z=4065.625) RuntimeGrid:None EditorOnly:0 RuntimeOnly:0 HLODRelevant:1
 |   |   |- Guid:CC3E22FA45466F655EBF918650A07119 BaseClass: NativeClass:/Script/Landscape.LandscapeStreamingProxy Name:LandscapeStreamingProxy_30BQ2WR44U69KPGEWXVNZ26G9_126_3_1_0 Label:LandscapeStreamingProxy_3_1_0 SpatiallyLoaded:1 Bounds:IsValid=true, Min=(X=59231.000 Y=43997.000 Z=16.000), Max=(X=69311.000 Y=54077.000 Z=176.000) RuntimeGrid:None EditorOnly:0 RuntimeOnly:0 HLODRelevant:1
 |   |   |- Guid:CC5E22794B64C9873AF6F2849A121BFF BaseClass: NativeClass:/Script/Landscape.LandscapeStreamingProxy Name:LandscapeStreamingProxy_30BQ2WR44U69KPGEWXVNZ26G9_126_3_3_0 Label:LandscapeStreamingProxy_3_3_0 SpatiallyLoaded:1 Bounds:IsValid=true, Min=(X=59231.000 Y=64157.000 Z=16.000), Max=(X=69311.000 Y=74237.000 Z=176.000) RuntimeGrid:None EditorOnly:0 RuntimeOnly:0 HLODRelevant:1
 |   |   |- Guid:D197E39B4244250A560267ADBCFADD08 BaseClass: NativeClass:/Script/Landscape.LandscapeStreamingProxy Name:LandscapeStreamingProxy_30BQ2WR44U69KPGEWXVNZ26G9_126_2_0_0 Label:LandscapeStreamingProxy_2_0_0 SpatiallyLoaded:1 Bounds:IsValid=true, Min=(X=49151.000 Y=33917.000 Z=16.000), Max=(X=59231.000 Y=43997.000 Z=176.000) RuntimeGrid:None EditorOnly:0 RuntimeOnly:0 HLODRelevant:1
 |   |   |- Guid:E0942F994EBB91D0BEABDA92FAC9F1EE BaseClass: NativeClass:/Script/Landscape.LandscapeStreamingProxy Name:LandscapeStreamingProxy_3FWVZUP1D8I7AOMDP9700EO7Q_126_1_1_0 Label:LandscapeStreamingProxy_1_1_0 SpatiallyLoaded:1 Bounds:IsValid=true, Min=(X=-12603.000 Y=41583.000 Z=0.000), Max=(X=-3.000 Y=54183.000 Z=200.000) RuntimeGrid:None EditorOnly:0 RuntimeOnly:0 HLODRelevant:1
 |   |   |- Guid:E586896D4890CCAEEC40E9A928FDA91B BaseClass: NativeClass:/Script/Landscape.LandscapeStreamingProxy Name:LandscapeStreamingProxy_30BQ2WR44U69KPGEWXVNZ26G9_126_3_2_0 Label:LandscapeStreamingProxy_3_2_0 SpatiallyLoaded:1 Bounds:IsValid=true, Min=(X=59231.000 Y=54077.000 Z=16.000), Max=(X=69311.000 Y=64157.000 Z=176.000) RuntimeGrid:None EditorOnly:0 RuntimeOnly:0 HLODRelevant:1
 |   |   |- Guid:EC712C7F4A682A6F14B4B8B9B7F54ED7 BaseClass: NativeClass:/Script/Engine.SkyAtmosphere Name:SkyAtmosphere_UAID_00933796AD3D2BE001_1282859276 Label:SkyAtmosphere SpatiallyLoaded:0 Bounds:IsValid=true, Min=(X=0.000 Y=0.000 Z=0.000), Max=(X=0.000 Y=0.000 Z=0.000) RuntimeGrid:None EditorOnly:0 RuntimeOnly:0 HLODRelevant:0 FolderPath:LightsClouds FolderGuid:F09AC70E4789C29FA409058936164066
 |   |   |- Guid:EC8017264703AB6E08992E90D2C4D906 BaseClass: NativeClass:/Script/Landscape.LandscapeStreamingProxy Name:LandscapeStreamingProxy_9M9QAJ0AC6VBH8ULLXNR0IIJ8_126_3_3_0 Label:LandscapeStreamingProxy_3_3_0 SpatiallyLoaded:1 Bounds:IsValid=true, Min=(X=12600.000 Y=12600.000 Z=0.000), Max=(X=25200.000 Y=25200.000 Z=200.000) RuntimeGrid:None EditorOnly:0 RuntimeOnly:0 HLODRelevant:1
 |   |   |- Guid:F6B9246A4C7F69B090DC18A86F4AD7C8 BaseClass: NativeClass:/Script/Landscape.LandscapeStreamingProxy Name:LandscapeStreamingProxy_3FWVZUP1D8I7AOMDP9700EO7Q_126_2_1_0 Label:LandscapeStreamingProxy_2_1_0 SpatiallyLoaded:1 Bounds:IsValid=true, Min=(X=-3.000 Y=41583.000 Z=0.000), Max=(X=12597.000 Y=54183.000 Z=200.000) RuntimeGrid:None EditorOnly:0 RuntimeOnly:0 HLODRelevant:1
 |   |   |- Guid:F91C0C84465ABC167B2AD9934754F54A BaseClass: NativeClass:/Script/Landscape.LandscapeStreamingProxy Name:LandscapeStreamingProxy_30BQ2WR44U69KPGEWXVNZ26G9_126_0_3_0 Label:LandscapeStreamingProxy_0_3_0 SpatiallyLoaded:1 Bounds:IsValid=true, Min=(X=28991.000 Y=64157.000 Z=16.000), Max=(X=39071.000 Y=74237.000 Z=176.000) RuntimeGrid:None EditorOnly:0 RuntimeOnly:0 HLODRelevant:1
 |   |   |- Guid:FDBEEE0E4A8C54C22A3F90B830BEA118 BaseClass: NativeClass:/Script/Landscape.LandscapeStreamingProxy Name:LandscapeStreamingProxy_30BQ2WR44U69KPGEWXVNZ26G9_126_0_2_0 Label:LandscapeStreamingProxy_0_2_0 SpatiallyLoaded:1 Bounds:IsValid=true, Min=(X=28991.000 Y=54077.000 Z=16.000), Max=(X=39071.000 Y=64157.000 Z=176.000) RuntimeGrid:None EditorOnly:0 RuntimeOnly:0 HLODRelevant:1
 |   |   |- Guid:FDDA07BE4AE43EEF969AB8B64DDB0B40 BaseClass: NativeClass:/Script/NavigationSystem.NavMeshBoundsVolume Name:NavMeshBoundsVolume_UAID_00933796AD3D77E001_1228901649 Label:NavMeshBoundsVolume SpatiallyLoaded:0 Bounds:IsValid=true, Min=(X=-25171.000 Y=-25238.000 Z=10751.000), Max=(X=25229.000 Y=25012.000 Z=10951.000) RuntimeGrid:None EditorOnly:0 RuntimeOnly:0 HLODRelevant:0
 |   |- [+] Clusters:
 |   |   |- [+] [  0]
 |   |   |   |- Guid:126F969A4E6699C6F5F80E8B5DD759AC BaseClass: NativeClass:/Script/Landscape.LandscapeStreamingProxy Name:LandscapeStreamingProxy_30BQ2WR44U69KPGEWXVNZ26G9_126_3_0_0 Label:LandscapeStreamingProxy_3_0_0 SpatiallyLoaded:1 Bounds:IsValid=true, Min=(X=59231.000 Y=33917.000 Z=16.000), Max=(X=69311.000 Y=43997.000 Z=176.000) RuntimeGrid:None EditorOnly:0 RuntimeOnly:0 HLODRelevant:1
 |   |   |- [+] [  1]
 |   |   |   |- Guid:E586896D4890CCAEEC40E9A928FDA91B BaseClass: NativeClass:/Script/Landscape.LandscapeStreamingProxy Name:LandscapeStreamingProxy_30BQ2WR44U69KPGEWXVNZ26G9_126_3_2_0 Label:LandscapeStreamingProxy_3_2_0 SpatiallyLoaded:1 Bounds:IsValid=true, Min=(X=59231.000 Y=54077.000 Z=16.000), Max=(X=69311.000 Y=64157.000 Z=176.000) RuntimeGrid:None EditorOnly:0 RuntimeOnly:0 HLODRelevant:1
 |   |   |- [+] [  2]
 |   |   |   |- Guid:B9C71B0449A9EBFDC6CB168C5378E753 BaseClass: NativeClass:/Script/Landscape.LandscapeStreamingProxy Name:LandscapeStreamingProxy_3FWVZUP1D8I7AOMDP9700EO7Q_126_0_3_0 Label:LandscapeStreamingProxy_0_3_0 SpatiallyLoaded:1 Bounds:IsValid=true, Min=(X=-25203.000 Y=66783.000 Z=0.000), Max=(X=-12603.000 Y=79383.000 Z=200.000) RuntimeGrid:None EditorOnly:0 RuntimeOnly:0 HLODRelevant:1
 |   |   |- [+] [  3]
 |   |   |   |- Guid:22803EAF41737FAFE8E124B197CA31AC BaseClass: NativeClass:/Script/Landscape.LandscapeStreamingProxy Name:LandscapeStreamingProxy_3FWVZUP1D8I7AOMDP9700EO7Q_126_1_2_0 Label:LandscapeStreamingProxy_1_2_0 SpatiallyLoaded:1 Bounds:IsValid=true, Min=(X=-12603.000 Y=54183.000 Z=0.000), Max=(X=-3.000 Y=66783.000 Z=200.000) RuntimeGrid:None EditorOnly:0 RuntimeOnly:0 HLODRelevant:1
 |   |   |- [+] [  4]
 |   |   |   |- Guid:277800704FF8E7F7C033AE9B998DC8A5 BaseClass: NativeClass:/Script/Engine.WorldDataLayers Name:WorldDataLayers Label:WorldDataLayers SpatiallyLoaded:0 Bounds:IsValid=true, Min=(X=0.000 Y=0.000 Z=0.000), Max=(X=0.000 Y=0.000 Z=0.000) RuntimeGrid:None EditorOnly:0 RuntimeOnly:0 HLODRelevant:0
 |   |   |- [+] [  5]
 |   |   |   |- Guid:A880494042B1B58716748197EEA5C4F3 BaseClass: NativeClass:/Script/Landscape.LandscapeStreamingProxy Name:LandscapeStreamingProxy_9M9QAJ0AC6VBH8ULLXNR0IIJ8_126_2_3_0 Label:LandscapeStreamingProxy_2_3_0 SpatiallyLoaded:1 Bounds:IsValid=true, Min=(X=0.000 Y=12600.000 Z=0.000), Max=(X=12600.000 Y=25200.000 Z=200.000) RuntimeGrid:None EditorOnly:0 RuntimeOnly:0 HLODRelevant:1
 |   |   |- [+] [  6]
 |   |   |   |- Guid:3A6D60A74C112853A563EC991D037BD8 BaseClass: NativeClass:/Script/Landscape.LandscapeStreamingProxy Name:LandscapeStreamingProxy_9M9QAJ0AC6VBH8ULLXNR0IIJ8_126_2_2_0 Label:LandscapeStreamingProxy_2_2_0 SpatiallyLoaded:1 Bounds:IsValid=true, Min=(X=0.000 Y=0.000 Z=0.000), Max=(X=12600.000 Y=12600.000 Z=200.000) RuntimeGrid:None EditorOnly:0 RuntimeOnly:0 HLODRelevant:1
 |   |   |- [+] [  7]
 |   |   |   |- Guid:4269EB584A31EAF1A87195AD0671D3C1 BaseClass: NativeClass:/Script/Landscape.LandscapeStreamingProxy Name:LandscapeStreamingProxy_30BQ2WR44U69KPGEWXVNZ26G9_126_1_0_0 Label:LandscapeStreamingProxy_1_0_0 SpatiallyLoaded:1 Bounds:IsValid=true, Min=(X=39071.000 Y=33917.000 Z=16.000), Max=(X=49151.000 Y=43997.000 Z=176.000) RuntimeGrid:None EditorOnly:0 RuntimeOnly:0 HLODRelevant:1
 |   |   |- [+] [  8]
 |   |   |   |- Guid:13C4E43A40D6723D3539A088E7F590C5 BaseClass: NativeClass:/Script/Landscape.LandscapeStreamingProxy Name:LandscapeStreamingProxy_9M9QAJ0AC6VBH8ULLXNR0IIJ8_126_1_2_0 Label:LandscapeStreamingProxy_1_2_0 SpatiallyLoaded:1 Bounds:IsValid=true, Min=(X=-12600.000 Y=0.000 Z=0.000), Max=(X=0.000 Y=12600.000 Z=200.000) RuntimeGrid:None EditorOnly:0 RuntimeOnly:0 HLODRelevant:1
 |   |   |- [+] [  9]
 |   |   |   |- Guid:A31BB9424D77F35B1FA122B0D052995D BaseClass: NativeClass:/Script/Landscape.LandscapeStreamingProxy Name:LandscapeStreamingProxy_3FWVZUP1D8I7AOMDP9700EO7Q_126_3_1_0 Label:LandscapeStreamingProxy_3_1_0 SpatiallyLoaded:1 Bounds:IsValid=true, Min=(X=12597.000 Y=41583.000 Z=0.000), Max=(X=25197.000 Y=54183.000 Z=200.000) RuntimeGrid:None EditorOnly:0 RuntimeOnly:0 HLODRelevant:1
 |   |   |- [+] [ 10]
 |   |   |   |- Guid:D197E39B4244250A560267ADBCFADD08 BaseClass: NativeClass:/Script/Landscape.LandscapeStreamingProxy Name:LandscapeStreamingProxy_30BQ2WR44U69KPGEWXVNZ26G9_126_2_0_0 Label:LandscapeStreamingProxy_2_0_0 SpatiallyLoaded:1 Bounds:IsValid=true, Min=(X=49151.000 Y=33917.000 Z=16.000), Max=(X=59231.000 Y=43997.000 Z=176.000) RuntimeGrid:None EditorOnly:0 RuntimeOnly:0 HLODRelevant:1
 |   |   |- [+] [ 11]
 |   |   |   |- Guid:B30E2DA84D7A794CF8A02D850298FBB8 BaseClass: NativeClass:/Script/Engine.DirectionalLight Name:DirectionalLight_UAID_00933796AD3D2BE001_1284073278 Label:DirectionalLight SpatiallyLoaded:0 Bounds:IsValid=true, Min=(X=-4398046511104.000 Y=-4398046511104.000 Z=-4398046511104.000), Max=(X=4398046511104.000 Y=4398046511104.000 Z=4398046511104.000) RuntimeGrid:None EditorOnly:0 RuntimeOnly:0 HLODRelevant:0 FolderPath:LightsClouds FolderGuid:F09AC70E4789C29FA409058936164066
 |   |   |- [+] [ 12]
 |   |   |   |- Guid:4D256F284BCF9254508BD7BAE30D35D4 BaseClass: NativeClass:/Script/Landscape.LandscapeStreamingProxy Name:LandscapeStreamingProxy_9M9QAJ0AC6VBH8ULLXNR0IIJ8_126_2_0_0 Label:LandscapeStreamingProxy_2_0_0 SpatiallyLoaded:1 Bounds:IsValid=true, Min=(X=0.000 Y=-25200.000 Z=0.000), Max=(X=12600.000 Y=-12600.000 Z=200.000) RuntimeGrid:None EditorOnly:0 RuntimeOnly:0 HLODRelevant:1
 |   |   |- [+] [ 13]
 |   |   |   |- Guid:FDBEEE0E4A8C54C22A3F90B830BEA118 BaseClass: NativeClass:/Script/Landscape.LandscapeStreamingProxy Name:LandscapeStreamingProxy_30BQ2WR44U69KPGEWXVNZ26G9_126_0_2_0 Label:LandscapeStreamingProxy_0_2_0 SpatiallyLoaded:1 Bounds:IsValid=true, Min=(X=28991.000 Y=54077.000 Z=16.000), Max=(X=39071.000 Y=64157.000 Z=176.000) RuntimeGrid:None EditorOnly:0 RuntimeOnly:0 HLODRelevant:1
 |   |   |- [+] [ 14]
 |   |   |   |- Guid:38DA74E4461314EE51418D96DC085ECD BaseClass: NativeClass:/Script/Landscape.LandscapeStreamingProxy Name:LandscapeStreamingProxy_30BQ2WR44U69KPGEWXVNZ26G9_126_2_3_0 Label:LandscapeStreamingProxy_2_3_0 SpatiallyLoaded:1 Bounds:IsValid=true, Min=(X=49151.000 Y=64157.000 Z=16.000), Max=(X=59231.000 Y=74237.000 Z=176.000) RuntimeGrid:None EditorOnly:0 RuntimeOnly:0 HLODRelevant:1
 |   |   |- [+] [ 15]
 |   |   |   |- Guid:89DCD229472AFA244948489926B0E9C0 BaseClass: NativeClass:/Script/Landscape.LandscapeStreamingProxy Name:LandscapeStreamingProxy_3FWVZUP1D8I7AOMDP9700EO7Q_126_3_0_0 Label:LandscapeStreamingProxy_3_0_0 SpatiallyLoaded:1 Bounds:IsValid=true, Min=(X=12597.000 Y=28983.000 Z=0.000), Max=(X=25197.000 Y=41583.000 Z=200.000) RuntimeGrid:None EditorOnly:0 RuntimeOnly:0 HLODRelevant:1
 |   |   |- [+] [ 16]
 |   |   |   |- Guid:A58EB60B4AC0308B38D322AB66FA7E9E BaseClass: NativeClass:/Script/Landscape.LandscapeStreamingProxy Name:LandscapeStreamingProxy_30BQ2WR44U69KPGEWXVNZ26G9_126_2_2_0 Label:LandscapeStreamingProxy_2_2_0 SpatiallyLoaded:1 Bounds:IsValid=true, Min=(X=49151.000 Y=54077.000 Z=16.000), Max=(X=59231.000 Y=64157.000 Z=176.000) RuntimeGrid:None EditorOnly:0 RuntimeOnly:0 HLODRelevant:1
 |   |   |- [+] [ 17]
 |   |   |   |- Guid:68261DCB4E094F0408AED08A1CF96991 BaseClass: NativeClass:/Script/Landscape.LandscapeStreamingProxy Name:LandscapeStreamingProxy_30BQ2WR44U69KPGEWXVNZ26G9_126_2_1_0 Label:LandscapeStreamingProxy_2_1_0 SpatiallyLoaded:1 Bounds:IsValid=true, Min=(X=49151.000 Y=43997.000 Z=16.000), Max=(X=59231.000 Y=54077.000 Z=176.000) RuntimeGrid:None EditorOnly:0 RuntimeOnly:0 HLODRelevant:1
 |   |   |- [+] [ 18]
 |   |   |   |- Guid:6E7FDD0944D177C3FADD9B95C547A9CD BaseClass: NativeClass:/Script/Landscape.LandscapeStreamingProxy Name:LandscapeStreamingProxy_30BQ2WR44U69KPGEWXVNZ26G9_126_1_2_0 Label:LandscapeStreamingProxy_1_2_0 SpatiallyLoaded:1 Bounds:IsValid=true, Min=(X=39071.000 Y=54077.000 Z=16.000), Max=(X=49151.000 Y=64157.000 Z=176.000) RuntimeGrid:None EditorOnly:0 RuntimeOnly:0 HLODRelevant:1
 |   |   |- [+] [ 19]
 |   |   |   |- Guid:54D64A55435987962E2AB48740467569 BaseClass: NativeClass:/Script/Landscape.LandscapeStreamingProxy Name:LandscapeStreamingProxy_9M9QAJ0AC6VBH8ULLXNR0IIJ8_126_0_0_0 Label:LandscapeStreamingProxy_0_0_0 SpatiallyLoaded:1 Bounds:IsValid=true, Min=(X=-25200.000 Y=-25200.000 Z=100.000), Max=(X=-12600.000 Y=-12600.000 Z=645.312) RuntimeGrid:None EditorOnly:0 RuntimeOnly:0 HLODRelevant:1
 |   |   |- [+] [ 20]
 |   |   |   |- Guid:916EB2224CA60437EDA510B75FD98582 BaseClass: NativeClass:/Script/Engine.ExponentialHeightFog Name:ExponentialHeightFog_UAID_00933796AD3D2BE001_1284756279 Label:ExponentialHeightFog SpatiallyLoaded:0 Bounds:IsValid=true, Min=(X=0.000 Y=0.000 Z=0.000), Max=(X=0.000 Y=0.000 Z=0.000) RuntimeGrid:None EditorOnly:0 RuntimeOnly:0 HLODRelevant:0 FolderPath:LightsClouds FolderGuid:F09AC70E4789C29FA409058936164066
 |   |   |- [+] [ 21]
 |   |   |   |- Guid:2C5E6C894D739A32E75F518033E6144D BaseClass: NativeClass:/Script/NavigationSystem.RecastNavMesh Name:RecastNavMesh_UAID_00933796AD3D77E001-Default Label:RecastNavMesh-Default SpatiallyLoaded:0 Bounds:IsValid=true, Min=(X=0.000 Y=0.000 Z=0.000), Max=(X=0.000 Y=0.000 Z=0.000) RuntimeGrid:None EditorOnly:0 RuntimeOnly:0 HLODRelevant:0
 |   |   |- [+] [ 22]
 |   |   |   |- Guid:F6B9246A4C7F69B090DC18A86F4AD7C8 BaseClass: NativeClass:/Script/Landscape.LandscapeStreamingProxy Name:LandscapeStreamingProxy_3FWVZUP1D8I7AOMDP9700EO7Q_126_2_1_0 Label:LandscapeStreamingProxy_2_1_0 SpatiallyLoaded:1 Bounds:IsValid=true, Min=(X=-3.000 Y=41583.000 Z=0.000), Max=(X=12597.000 Y=54183.000 Z=200.000) RuntimeGrid:None EditorOnly:0 RuntimeOnly:0 HLODRelevant:1
 |   |   |- [+] [ 23]
 |   |   |   |- Guid:895E894147B7C5C766B2698EC0FEF975 BaseClass: NativeClass:/Script/Landscape.LandscapeStreamingProxy Name:LandscapeStreamingProxy_30BQ2WR44U69KPGEWXVNZ26G9_126_1_3_0 Label:LandscapeStreamingProxy_1_3_0 SpatiallyLoaded:1 Bounds:IsValid=true, Min=(X=39071.000 Y=64157.000 Z=16.000), Max=(X=49151.000 Y=74237.000 Z=176.000) RuntimeGrid:None EditorOnly:0 RuntimeOnly:0 HLODRelevant:1
 |   |   |- [+] [ 24]
 |   |   |   |- Guid:C7D7F83E49FF59886BF38BA61BB32D7B BaseClass: NativeClass:/Script/Landscape.LandscapeStreamingProxy Name:LandscapeStreamingProxy_9M9QAJ0AC6VBH8ULLXNR0IIJ8_126_3_1_0 Label:LandscapeStreamingProxy_3_1_0 SpatiallyLoaded:1 Bounds:IsValid=true, Min=(X=12600.000 Y=-12600.000 Z=-181.250), Max=(X=25200.000 Y=0.000 Z=4065.625) RuntimeGrid:None EditorOnly:0 RuntimeOnly:0 HLODRelevant:1
 |   |   |- [+] [ 25]
 |   |   |   |- Guid:EC712C7F4A682A6F14B4B8B9B7F54ED7 BaseClass: NativeClass:/Script/Engine.SkyAtmosphere Name:SkyAtmosphere_UAID_00933796AD3D2BE001_1282859276 Label:SkyAtmosphere SpatiallyLoaded:0 Bounds:IsValid=true, Min=(X=0.000 Y=0.000 Z=0.000), Max=(X=0.000 Y=0.000 Z=0.000) RuntimeGrid:None EditorOnly:0 RuntimeOnly:0 HLODRelevant:0 FolderPath:LightsClouds FolderGuid:F09AC70E4789C29FA409058936164066
 |   |   |- [+] [ 26]
 |   |   |   |- Guid:54ABD2714C69F486CAEFD882540B88B6 BaseClass: NativeClass:/Script/Landscape.LandscapeStreamingProxy Name:LandscapeStreamingProxy_3FWVZUP1D8I7AOMDP9700EO7Q_126_2_0_0 Label:LandscapeStreamingProxy_2_0_0 SpatiallyLoaded:1 Bounds:IsValid=true, Min=(X=-3.000 Y=28983.000 Z=0.000), Max=(X=12597.000 Y=41583.000 Z=200.000) RuntimeGrid:None EditorOnly:0 RuntimeOnly:0 HLODRelevant:1
 |   |   |- [+] [ 27]
 |   |   |   |- Guid:FDDA07BE4AE43EEF969AB8B64DDB0B40 BaseClass: NativeClass:/Script/NavigationSystem.NavMeshBoundsVolume Name:NavMeshBoundsVolume_UAID_00933796AD3D77E001_1228901649 Label:NavMeshBoundsVolume SpatiallyLoaded:0 Bounds:IsValid=true, Min=(X=-25171.000 Y=-25238.000 Z=10751.000), Max=(X=25229.000 Y=25012.000 Z=10951.000) RuntimeGrid:None EditorOnly:0 RuntimeOnly:0 HLODRelevant:0
 |   |   |- [+] [ 28]
 |   |   |   |- Guid:CC3E22FA45466F655EBF918650A07119 BaseClass: NativeClass:/Script/Landscape.LandscapeStreamingProxy Name:LandscapeStreamingProxy_30BQ2WR44U69KPGEWXVNZ26G9_126_3_1_0 Label:LandscapeStreamingProxy_3_1_0 SpatiallyLoaded:1 Bounds:IsValid=true, Min=(X=59231.000 Y=43997.000 Z=16.000), Max=(X=69311.000 Y=54077.000 Z=176.000) RuntimeGrid:None EditorOnly:0 RuntimeOnly:0 HLODRelevant:1
 |   |   |- [+] [ 29]
 |   |   |   |- Guid:AB52C205440B9757C710E5A41B054CF8 BaseClass: NativeClass:/Script/Landscape.LandscapeStreamingProxy Name:LandscapeStreamingProxy_3FWVZUP1D8I7AOMDP9700EO7Q_126_3_3_0 Label:LandscapeStreamingProxy_3_3_0 SpatiallyLoaded:1 Bounds:IsValid=true, Min=(X=12597.000 Y=66783.000 Z=0.000), Max=(X=25197.000 Y=79383.000 Z=200.000) RuntimeGrid:None EditorOnly:0 RuntimeOnly:0 HLODRelevant:1
 |   |   |- [+] [ 30]
 |   |   |   |- Guid:3FBF1DAB4B3DE93E97641CB1F5A0B0EF BaseClass: NativeClass:/Script/Landscape.Landscape Name:Landscape_UAID_00933796AD3D2BE001_1163369272 Label:Landscape SpatiallyLoaded:0 Bounds:IsValid=true, Min=(X=-25200.000 Y=-25200.000 Z=100.000), Max=(X=-25200.000 Y=-25200.000 Z=100.000) RuntimeGrid:None EditorOnly:0 RuntimeOnly:0 HLODRelevant:0
 |   |   |- [+] [ 31]
 |   |   |   |- Guid:03881EE04CBCBFCC7EED1EA7386E40B1 BaseClass: NativeClass:/Script/Landscape.Landscape Name:Landscape_UAID_00933796AD3D76E001_1791702471 Label:Landscape2 SpatiallyLoaded:0 Bounds:IsValid=true, Min=(X=-25203.000 Y=28983.000 Z=100.000), Max=(X=-25203.000 Y=28983.000 Z=100.000) RuntimeGrid:None EditorOnly:0 RuntimeOnly:0 HLODRelevant:0
 |   |   |- [+] [ 32]
 |   |   |   |- Guid:61070D7D41B06E21CD5ACBB238261A5E BaseClass: NativeClass:/Script/Landscape.LandscapeStreamingProxy Name:LandscapeStreamingProxy_3FWVZUP1D8I7AOMDP9700EO7Q_126_1_0_0 Label:LandscapeStreamingProxy_1_0_0 SpatiallyLoaded:1 Bounds:IsValid=true, Min=(X=-12603.000 Y=28983.000 Z=0.000), Max=(X=-3.000 Y=41583.000 Z=200.000) RuntimeGrid:None EditorOnly:0 RuntimeOnly:0 HLODRelevant:1
 |   |   |- [+] [ 33]
 |   |   |   |- Guid:3A82F6CA41F944FC1C192184AF90348E BaseClass: NativeClass:/Script/Landscape.LandscapeStreamingProxy Name:LandscapeStreamingProxy_3FWVZUP1D8I7AOMDP9700EO7Q_126_2_3_0 Label:LandscapeStreamingProxy_2_3_0 SpatiallyLoaded:1 Bounds:IsValid=true, Min=(X=-3.000 Y=66783.000 Z=0.000), Max=(X=12597.000 Y=79383.000 Z=200.000) RuntimeGrid:None EditorOnly:0 RuntimeOnly:0 HLODRelevant:1
 |   |   |- [+] [ 34]
 |   |   |   |- Guid:4FE28F9843E315E766EF199FDD7B68A8 BaseClass: NativeClass:/Script/Landscape.LandscapeStreamingProxy Name:LandscapeStreamingProxy_9M9QAJ0AC6VBH8ULLXNR0IIJ8_126_1_0_0 Label:LandscapeStreamingProxy_1_0_0 SpatiallyLoaded:1 Bounds:IsValid=true, Min=(X=-12600.000 Y=-25200.000 Z=0.000), Max=(X=0.000 Y=-12600.000 Z=200.000) RuntimeGrid:None EditorOnly:0 RuntimeOnly:0 HLODRelevant:1
 |   |   |- [+] [ 35]
 |   |   |   |- Guid:E0942F994EBB91D0BEABDA92FAC9F1EE BaseClass: NativeClass:/Script/Landscape.LandscapeStreamingProxy Name:LandscapeStreamingProxy_3FWVZUP1D8I7AOMDP9700EO7Q_126_1_1_0 Label:LandscapeStreamingProxy_1_1_0 SpatiallyLoaded:1 Bounds:IsValid=true, Min=(X=-12603.000 Y=41583.000 Z=0.000), Max=(X=-3.000 Y=54183.000 Z=200.000) RuntimeGrid:None EditorOnly:0 RuntimeOnly:0 HLODRelevant:1
 |   |   |- [+] [ 36]
 |   |   |   |- Guid:635A21B04A07E30A9F5BBE80BE450635 BaseClass: NativeClass:/Script/Landscape.LandscapeStreamingProxy Name:LandscapeStreamingProxy_9M9QAJ0AC6VBH8ULLXNR0IIJ8_126_0_2_0 Label:LandscapeStreamingProxy_0_2_0 SpatiallyLoaded:1 Bounds:IsValid=true, Min=(X=-25200.000 Y=0.000 Z=0.000), Max=(X=-12600.000 Y=12600.000 Z=200.000) RuntimeGrid:None EditorOnly:0 RuntimeOnly:0 HLODRelevant:1
 |   |   |- [+] [ 37]
 |   |   |   |- Guid:161695A146A93BC7E7CAA7B86DF7C6DB BaseClass: NativeClass:/Script/Landscape.LandscapeStreamingProxy Name:LandscapeStreamingProxy_30BQ2WR44U69KPGEWXVNZ26G9_126_1_1_0 Label:LandscapeStreamingProxy_1_1_0 SpatiallyLoaded:1 Bounds:IsValid=true, Min=(X=39071.000 Y=43997.000 Z=16.000), Max=(X=49151.000 Y=54077.000 Z=176.000) RuntimeGrid:None EditorOnly:0 RuntimeOnly:0 HLODRelevant:1
 |   |   |- [+] [ 38]
 |   |   |   |- Guid:34BF183449ACF035347BEC920C9DB758 BaseClass: NativeClass:/Script/Landscape.LandscapeStreamingProxy Name:LandscapeStreamingProxy_30BQ2WR44U69KPGEWXVNZ26G9_126_0_1_0 Label:LandscapeStreamingProxy_0_1_0 SpatiallyLoaded:1 Bounds:IsValid=true, Min=(X=28991.000 Y=43997.000 Z=16.000), Max=(X=39071.000 Y=54077.000 Z=176.000) RuntimeGrid:None EditorOnly:0 RuntimeOnly:0 HLODRelevant:1
 |   |   |- [+] [ 39]
 |   |   |   |- Guid:39459ECE45275B74AF3E7FB69B2BAED4 BaseClass: NativeClass:/Script/Landscape.LandscapeStreamingProxy Name:LandscapeStreamingProxy_9M9QAJ0AC6VBH8ULLXNR0IIJ8_126_3_2_0 Label:LandscapeStreamingProxy_3_2_0 SpatiallyLoaded:1 Bounds:IsValid=true, Min=(X=12600.000 Y=0.000 Z=0.000), Max=(X=25200.000 Y=12600.000 Z=200.000) RuntimeGrid:None EditorOnly:0 RuntimeOnly:0 HLODRelevant:1
 |   |   |- [+] [ 40]
 |   |   |   |- Guid:52DCEB7C4CD3B7A4A17EE180A47F7271 BaseClass: NativeClass:/Script/Landscape.LandscapeStreamingProxy Name:LandscapeStreamingProxy_9M9QAJ0AC6VBH8ULLXNR0IIJ8_126_3_0_0 Label:LandscapeStreamingProxy_3_0_0 SpatiallyLoaded:1 Bounds:IsValid=true, Min=(X=12600.000 Y=-25200.000 Z=-181.250), Max=(X=25200.000 Y=-12600.000 Z=1219.531) RuntimeGrid:None EditorOnly:0 RuntimeOnly:0 HLODRelevant:1
 |   |   |- [+] [ 41]
 |   |   |   |- Guid:379F3D464181D52251E2548CC0152519 BaseClass: NativeClass:/Script/Landscape.LandscapeStreamingProxy Name:LandscapeStreamingProxy_3FWVZUP1D8I7AOMDP9700EO7Q_126_1_3_0 Label:LandscapeStreamingProxy_1_3_0 SpatiallyLoaded:1 Bounds:IsValid=true, Min=(X=-12603.000 Y=66783.000 Z=0.000), Max=(X=-3.000 Y=79383.000 Z=200.000) RuntimeGrid:None EditorOnly:0 RuntimeOnly:0 HLODRelevant:1
 |   |   |- [+] [ 42]
 |   |   |   |- Guid:4151B29740D71D763762CEB2EFE9B9EF BaseClass: NativeClass:/Script/Landscape.Landscape Name:Landscape_UAID_00933796AD3D76E001_1843907472 Label:Landscape3 SpatiallyLoaded:0 Bounds:IsValid=true, Min=(X=28991.000 Y=33917.000 Z=96.000), Max=(X=28991.000 Y=33917.000 Z=96.000) RuntimeGrid:None EditorOnly:0 RuntimeOnly:0 HLODRelevant:0
 |   |   |- [+] [ 43]
 |   |   |   |- Guid:3D5696704157EF7B8572A9BEE5CA6892 BaseClass: NativeClass:/Script/Landscape.LandscapeStreamingProxy Name:LandscapeStreamingProxy_3FWVZUP1D8I7AOMDP9700EO7Q_126_0_1_0 Label:LandscapeStreamingProxy_0_1_0 SpatiallyLoaded:1 Bounds:IsValid=true, Min=(X=-25203.000 Y=41583.000 Z=0.000), Max=(X=-12603.000 Y=54183.000 Z=200.000) RuntimeGrid:None EditorOnly:0 RuntimeOnly:0 HLODRelevant:1
 |   |   |- [+] [ 44]
 |   |   |   |- Guid:EC8017264703AB6E08992E90D2C4D906 BaseClass: NativeClass:/Script/Landscape.LandscapeStreamingProxy Name:LandscapeStreamingProxy_9M9QAJ0AC6VBH8ULLXNR0IIJ8_126_3_3_0 Label:LandscapeStreamingProxy_3_3_0 SpatiallyLoaded:1 Bounds:IsValid=true, Min=(X=12600.000 Y=12600.000 Z=0.000), Max=(X=25200.000 Y=25200.000 Z=200.000) RuntimeGrid:None EditorOnly:0 RuntimeOnly:0 HLODRelevant:1
 |   |   |- [+] [ 45]
 |   |   |   |- Guid:F91C0C84465ABC167B2AD9934754F54A BaseClass: NativeClass:/Script/Landscape.LandscapeStreamingProxy Name:LandscapeStreamingProxy_30BQ2WR44U69KPGEWXVNZ26G9_126_0_3_0 Label:LandscapeStreamingProxy_0_3_0 SpatiallyLoaded:1 Bounds:IsValid=true, Min=(X=28991.000 Y=64157.000 Z=16.000), Max=(X=39071.000 Y=74237.000 Z=176.000) RuntimeGrid:None EditorOnly:0 RuntimeOnly:0 HLODRelevant:1
 |   |   |- [+] [ 46]
 |   |   |   |- Guid:AE32F97B49CDFE5F80E248A9AFC5F4BE BaseClass: NativeClass:/Script/Landscape.LandscapeStreamingProxy Name:LandscapeStreamingProxy_30BQ2WR44U69KPGEWXVNZ26G9_126_0_0_0 Label:LandscapeStreamingProxy_0_0_0 SpatiallyLoaded:1 Bounds:IsValid=true, Min=(X=28991.000 Y=33917.000 Z=16.000), Max=(X=39071.000 Y=43997.000 Z=176.000) RuntimeGrid:None EditorOnly:0 RuntimeOnly:0 HLODRelevant:1
 |   |   |- [+] [ 47]
 |   |   |   |- Guid:94F687F74EA50BAA8A023A84198AE640 BaseClass: NativeClass:/Script/Engine.VolumetricCloud Name:VolumetricCloud_UAID_00933796AD3D2BE001_1283507277 Label:VolumetricCloud SpatiallyLoaded:0 Bounds:IsValid=true, Min=(X=0.000 Y=0.000 Z=0.000), Max=(X=0.000 Y=0.000 Z=0.000) RuntimeGrid:None EditorOnly:0 RuntimeOnly:0 HLODRelevant:0 FolderPath:LightsClouds FolderGuid:F09AC70E4789C29FA409058936164066
 |   |   |- [+] [ 48]
 |   |   |   |- Guid:CC5E22794B64C9873AF6F2849A121BFF BaseClass: NativeClass:/Script/Landscape.LandscapeStreamingProxy Name:LandscapeStreamingProxy_30BQ2WR44U69KPGEWXVNZ26G9_126_3_3_0 Label:LandscapeStreamingProxy_3_3_0 SpatiallyLoaded:1 Bounds:IsValid=true, Min=(X=59231.000 Y=64157.000 Z=16.000), Max=(X=69311.000 Y=74237.000 Z=176.000) RuntimeGrid:None EditorOnly:0 RuntimeOnly:0 HLODRelevant:1
 |   |   |- [+] [ 49]
 |   |   |   |- Guid:251535464AA6A23B7E1E3985271259B2 BaseClass:/Game/DragonWord/Player/StefanoPlayer.StefanoPlayer_C NativeClass:/Script/Engine.Character Name:StefanoPlayer_C_UAID_00933796AD3D2BE001_1218279273 Label:StefanoPlayer SpatiallyLoaded:1 Bounds:IsValid=true, Min=(X=23091.995 Y=-24056.192 Z=100.000), Max=(X=23249.541 Y=-23927.197 Z=356.765) RuntimeGrid:None EditorOnly:0 RuntimeOnly:0 HLODRelevant:0
 |   |   |- [+] [ 50]
 |   |   |   |- Guid:6A8060CB488112525A3CA599AE372922 BaseClass: NativeClass:/Script/Landscape.LandscapeStreamingProxy Name:LandscapeStreamingProxy_9M9QAJ0AC6VBH8ULLXNR0IIJ8_126_1_3_0 Label:LandscapeStreamingProxy_1_3_0 SpatiallyLoaded:1 Bounds:IsValid=true, Min=(X=-12600.000 Y=12600.000 Z=0.000), Max=(X=0.000 Y=25200.000 Z=200.000) RuntimeGrid:None EditorOnly:0 RuntimeOnly:0 HLODRelevant:1
 |   |   |- [+] [ 51]
 |   |   |   |- Guid:93D913884F027235F5D144A9E72B9B8C BaseClass: NativeClass:/Script/Landscape.LandscapeStreamingProxy Name:LandscapeStreamingProxy_9M9QAJ0AC6VBH8ULLXNR0IIJ8_126_1_1_0 Label:LandscapeStreamingProxy_1_1_0 SpatiallyLoaded:1 Bounds:IsValid=true, Min=(X=-12600.000 Y=-12600.000 Z=0.000), Max=(X=0.000 Y=0.000 Z=200.000) RuntimeGrid:None EditorOnly:0 RuntimeOnly:0 HLODRelevant:1
 |   |   |- [+] [ 52]
 |   |   |   |- Guid:4EACB19B4AB08ED84F21FDB7D4B699A3 BaseClass: NativeClass:/Script/Landscape.LandscapeStreamingProxy Name:LandscapeStreamingProxy_3FWVZUP1D8I7AOMDP9700EO7Q_126_0_0_0 Label:LandscapeStreamingProxy_0_0_0 SpatiallyLoaded:1 Bounds:IsValid=true, Min=(X=-25203.000 Y=28983.000 Z=0.000), Max=(X=-12603.000 Y=41583.000 Z=200.000) RuntimeGrid:None EditorOnly:0 RuntimeOnly:0 HLODRelevant:1
 |   |   |- [+] [ 53]
 |   |   |   |- Guid:13F0196947239FCD768B5F886DD1C6DE BaseClass: NativeClass:/Script/Engine.SkyLight Name:SkyLight_UAID_00933796AD3D2BE001_1282298275 Label:SkyLight SpatiallyLoaded:0 Bounds:IsValid=true, Min=(X=0.000 Y=0.000 Z=0.000), Max=(X=0.000 Y=0.000 Z=0.000) RuntimeGrid:None EditorOnly:0 RuntimeOnly:0 HLODRelevant:0 FolderPath:LightsClouds FolderGuid:F09AC70E4789C29FA409058936164066
 |   |   |- [+] [ 54]
 |   |   |   |- Guid:268782924517EAA7509DC7A0FAB7EE19 BaseClass: NativeClass:/Script/NavigationSystem.NavMeshBoundsVolume Name:NavMeshBoundsVolume_UAID_00933796AD3D77E001_1483187651 Label:NavMeshBoundsVolume2 SpatiallyLoaded:0 Bounds:IsValid=true, Min=(X=-25386.000 Y=17646.000 Z=2111.000), Max=(X=-25186.000 Y=22096.000 Z=2311.000) RuntimeGrid:None EditorOnly:0 RuntimeOnly:0 HLODRelevant:0
 |   |   |- [+] [ 55]
 |   |   |   |- Guid:62100395406E684D0C98808B3274A164 BaseClass: NativeClass:/Script/Landscape.LandscapeStreamingProxy Name:LandscapeStreamingProxy_9M9QAJ0AC6VBH8ULLXNR0IIJ8_126_0_3_0 Label:LandscapeStreamingProxy_0_3_0 SpatiallyLoaded:1 Bounds:IsValid=true, Min=(X=-25200.000 Y=12600.000 Z=0.000), Max=(X=-12600.000 Y=25200.000 Z=200.000) RuntimeGrid:None EditorOnly:0 RuntimeOnly:0 HLODRelevant:1
 |   |   |- [+] [ 56]
 |   |   |   |- Guid:BC505C664BEE837543E099A225D56AA5 BaseClass: NativeClass:/Script/Landscape.LandscapeStreamingProxy Name:LandscapeStreamingProxy_3FWVZUP1D8I7AOMDP9700EO7Q_126_3_2_0 Label:LandscapeStreamingProxy_3_2_0 SpatiallyLoaded:1 Bounds:IsValid=true, Min=(X=12597.000 Y=54183.000 Z=0.000), Max=(X=25197.000 Y=66783.000 Z=200.000) RuntimeGrid:None EditorOnly:0 RuntimeOnly:0 HLODRelevant:1
 |   |   |- [+] [ 57]
 |   |   |   |- Guid:B14B214C462F95ECB20A50ABD307B8CB BaseClass: NativeClass:/Script/Landscape.LandscapeStreamingProxy Name:LandscapeStreamingProxy_3FWVZUP1D8I7AOMDP9700EO7Q_126_0_2_0 Label:LandscapeStreamingProxy_0_2_0 SpatiallyLoaded:1 Bounds:IsValid=true, Min=(X=-25203.000 Y=54183.000 Z=0.000), Max=(X=-12603.000 Y=66783.000 Z=200.000) RuntimeGrid:None EditorOnly:0 RuntimeOnly:0 HLODRelevant:1
 |   |   |- [+] [ 58]
 |   |   |   |- Guid:698718DA4DD864A7503A4CAE45B6F98B BaseClass: NativeClass:/Script/Landscape.LandscapeStreamingProxy Name:LandscapeStreamingProxy_3FWVZUP1D8I7AOMDP9700EO7Q_126_2_2_0 Label:LandscapeStreamingProxy_2_2_0 SpatiallyLoaded:1 Bounds:IsValid=true, Min=(X=-3.000 Y=54183.000 Z=0.000), Max=(X=12597.000 Y=66783.000 Z=200.000) RuntimeGrid:None EditorOnly:0 RuntimeOnly:0 HLODRelevant:1
 |   |   |- [+] [ 59]
 |   |   |   |- Guid:9EDC06624FC5E27107C91192F3C3FEA5 BaseClass: NativeClass:/Script/Landscape.LandscapeStreamingProxy Name:LandscapeStreamingProxy_9M9QAJ0AC6VBH8ULLXNR0IIJ8_126_2_1_0 Label:LandscapeStreamingProxy_2_1_0 SpatiallyLoaded:1 Bounds:IsValid=true, Min=(X=0.000 Y=-12600.000 Z=-31.250), Max=(X=12600.000 Y=0.000 Z=4323.438) RuntimeGrid:None EditorOnly:0 RuntimeOnly:0 HLODRelevant:1
 |   |   |- [+] [ 60]
 |   |   |   |- Guid:A88FB4F8481F2321609E608E1ADCF28B BaseClass: NativeClass:/Script/Landscape.LandscapeStreamingProxy Name:LandscapeStreamingProxy_9M9QAJ0AC6VBH8ULLXNR0IIJ8_126_0_1_0 Label:LandscapeStreamingProxy_0_1_0 SpatiallyLoaded:1 Bounds:IsValid=true, Min=(X=-25200.000 Y=-12600.000 Z=100.000), Max=(X=-12600.000 Y=0.000 Z=170.312) RuntimeGrid:None EditorOnly:0 RuntimeOnly:0 HLODRelevant:1
 |- ContainerInstances:
 |- [+] MainContainer:
 |   |-        ID: 0x0000000000000000
 |   |-    Bounds: IsValid=true, Min=(X=-25203.000 Y=-25200.000 Z=-181.250), Max=(X=69311.000 Y=79383.000 Z=4323.438)
 |   |- Transform: 0.000000,0.000000,0.000000|0.000000,0.000000,-0.000000|1.000000,1.000000,1.000000
 |   |- Container: /Game/DragonWord/MAP/LevelTwo
----------------------------------------------------------------------------------------------------------------
LevelTwo - Persistent Level
----------------------------------------------------------------------------------------------------------------
Always loaded Actor Count: 35 

----------------------------------------------------------------------------------------------------------------
LevelTwo - Runtime Spatial Hash - Streaming Grid - MainGrid
----------------------------------------------------------------------------------------------------------------
            Origin: X=0.000 Y=0.000 Z=0.000
         Cell Size: 12800
      World Bounds: IsValid=true, Min=(X=-25203.000 Y=-25200.000 Z=-181.250), Max=(X=69311.000 Y=79383.000 Z=4323.438)
     Loading Range: 25600.00
Block Slow Loading: No
 ClientOnlyVisible: No

[+] Grid Levels: 5
 |- Level  0: Cell Count   44 | Cell Size   12800 | Actor Count   49 (100.0%)
 |- Level  1: Cell Count    0 | Cell Size   25600 | Actor Count    0 (0.0%)
 |- Level  2: Cell Count    0 | Cell Size   51200 | Actor Count    0 (0.0%)
 |- Level  3: Cell Count    0 | Cell Size  102400 | Actor Count    0 (0.0%)
 |- Level  4: Cell Count    0 | Cell Size  204800 | Actor Count    0 (0.0%)

[+] Content of Grid Level 0
 |- [+] Content of Cell MainGrid_L0_X5_Y3
 |   |- Actor Count: 2
 |   |- MinMaxZ: X=16.000 Y=176.000
 |   |- Actor Path: /Game/DragonWord/MAP/LevelTwo.LevelTwo:PersistentLevel.LandscapeStreamingProxy_30BQ2WR44U69KPGEWXVNZ26G9_126_3_0_0
 |   |- Actor Package: /Game/__ExternalActors__/DragonWord/MAP/LevelTwo/0/7J/RE3JW772SE4JAF8SVVBP1Z
 |   |- Actor Path: /Game/DragonWord/MAP/LevelTwo.LevelTwo:PersistentLevel.LandscapeStreamingProxy_30BQ2WR44U69KPGEWXVNZ26G9_126_3_1_0
 |   |- Actor Package: /Game/__ExternalActors__/DragonWord/MAP/LevelTwo/7/13/U6FZU3ND7MP963AD4YL5GO
 |- [+] Content of Cell MainGrid_L0_X5_Y4
 |   |- Actor Count: 1
 |   |- MinMaxZ: X=16.000 Y=176.000
 |   |- Actor Path: /Game/DragonWord/MAP/LevelTwo.LevelTwo:PersistentLevel.LandscapeStreamingProxy_30BQ2WR44U69KPGEWXVNZ26G9_126_3_2_0
 |   |- Actor Package: /Game/__ExternalActors__/DragonWord/MAP/LevelTwo/0/8J/S4FFOCUGLNW1E3MB0R90MC
 |- [+] Content of Cell MainGrid_L0_X-2_Y5
 |   |- Actor Count: 1
 |   |- MinMaxZ: X=0.000 Y=200.000
 |   |- Actor Path: /Game/DragonWord/MAP/LevelTwo.LevelTwo:PersistentLevel.LandscapeStreamingProxy_3FWVZUP1D8I7AOMDP9700EO7Q_126_0_3_0
 |   |- Actor Package: /Game/__ExternalActors__/DragonWord/MAP/LevelTwo/0/9N/FJN0JIWCVP6MJ9CN9XFKTG
 |- [+] Content of Cell MainGrid_L0_X-1_Y4
 |   |- Actor Count: 1
 |   |- MinMaxZ: X=0.000 Y=200.000
 |   |- Actor Path: /Game/DragonWord/MAP/LevelTwo.LevelTwo:PersistentLevel.LandscapeStreamingProxy_3FWVZUP1D8I7AOMDP9700EO7Q_126_1_2_0
 |   |- Actor Package: /Game/__ExternalActors__/DragonWord/MAP/LevelTwo/0/BA/8EBPM54HIZRKCXJDIB9178
 |- [+] Content of Cell MainGrid_L0_X0_Y1
 |   |- Actor Count: 1
 |   |- MinMaxZ: X=0.000 Y=200.000
 |   |- Actor Path: /Game/DragonWord/MAP/LevelTwo.LevelTwo:PersistentLevel.LandscapeStreamingProxy_9M9QAJ0AC6VBH8ULLXNR0IIJ8_126_2_3_0
 |   |- Actor Package: /Game/__ExternalActors__/DragonWord/MAP/LevelTwo/1/PL/5SBZI6OV5A2R6PZPBK98DQ
 |- [+] Content of Cell MainGrid_L0_X0_Y0
 |   |- Actor Count: 1
 |   |- MinMaxZ: X=0.000 Y=200.000
 |   |- Actor Path: /Game/DragonWord/MAP/LevelTwo.LevelTwo:PersistentLevel.LandscapeStreamingProxy_9M9QAJ0AC6VBH8ULLXNR0IIJ8_126_2_2_0
 |   |- Actor Package: /Game/__ExternalActors__/DragonWord/MAP/LevelTwo/1/RK/G8QQCWRN0ZFEG7A3M64NFQ
 |- [+] Content of Cell MainGrid_L0_X3_Y3
 |   |- Actor Count: 2
 |   |- MinMaxZ: X=16.000 Y=176.000
 |   |- Actor Path: /Game/DragonWord/MAP/LevelTwo.LevelTwo:PersistentLevel.LandscapeStreamingProxy_30BQ2WR44U69KPGEWXVNZ26G9_126_1_0_0
 |   |- Actor Package: /Game/__ExternalActors__/DragonWord/MAP/LevelTwo/1/TN/Q9CT2XN7PHLQ4BS29YLXUT
 |   |- Actor Path: /Game/DragonWord/MAP/LevelTwo.LevelTwo:PersistentLevel.LandscapeStreamingProxy_30BQ2WR44U69KPGEWXVNZ26G9_126_1_1_0
 |   |- Actor Package: /Game/__ExternalActors__/DragonWord/MAP/LevelTwo/9/BC/N8BC4IQ5KS54A4MLDT6YD5
 |- [+] Content of Cell MainGrid_L0_X-1_Y0
 |   |- Actor Count: 1
 |   |- MinMaxZ: X=0.000 Y=200.000
 |   |- Actor Path: /Game/DragonWord/MAP/LevelTwo.LevelTwo:PersistentLevel.LandscapeStreamingProxy_9M9QAJ0AC6VBH8ULLXNR0IIJ8_126_1_2_0
 |   |- Actor Package: /Game/__ExternalActors__/DragonWord/MAP/LevelTwo/1/WA/G64JDRPVB1CEEY0EFK8WRX
 |- [+] Content of Cell MainGrid_L0_X1_Y3
 |   |- Actor Count: 1
 |   |- MinMaxZ: X=0.000 Y=200.000
 |   |- Actor Path: /Game/DragonWord/MAP/LevelTwo.LevelTwo:PersistentLevel.LandscapeStreamingProxy_3FWVZUP1D8I7AOMDP9700EO7Q_126_3_1_0
 |   |- Actor Package: /Game/__ExternalActors__/DragonWord/MAP/LevelTwo/1/Y0/A7EQJN7GCFLPBQP02W434L
 |- [+] Content of Cell MainGrid_L0_X4_Y3
 |   |- Actor Count: 2
 |   |- MinMaxZ: X=16.000 Y=176.000
 |   |- Actor Path: /Game/DragonWord/MAP/LevelTwo.LevelTwo:PersistentLevel.LandscapeStreamingProxy_30BQ2WR44U69KPGEWXVNZ26G9_126_2_0_0
 |   |- Actor Package: /Game/__ExternalActors__/DragonWord/MAP/LevelTwo/2/BI/4WOIZO2N7GBLXMY96LJTWI
 |   |- Actor Path: /Game/DragonWord/MAP/LevelTwo.LevelTwo:PersistentLevel.LandscapeStreamingProxy_30BQ2WR44U69KPGEWXVNZ26G9_126_2_1_0
 |   |- Actor Package: /Game/__ExternalActors__/DragonWord/MAP/LevelTwo/4/7B/QGFIN4278GCUE3UXCN51YJ
 |- [+] Content of Cell MainGrid_L0_X0_Y-2
 |   |- Actor Count: 1
 |   |- MinMaxZ: X=0.000 Y=200.000
 |   |- Actor Path: /Game/DragonWord/MAP/LevelTwo.LevelTwo:PersistentLevel.LandscapeStreamingProxy_9M9QAJ0AC6VBH8ULLXNR0IIJ8_126_2_0_0
 |   |- Actor Package: /Game/__ExternalActors__/DragonWord/MAP/LevelTwo/2/TJ/7TGX9IAK1Z4FRPWN67NMK9
 |- [+] Content of Cell MainGrid_L0_X2_Y4
 |   |- Actor Count: 1
 |   |- MinMaxZ: X=16.000 Y=176.000
 |   |- Actor Path: /Game/DragonWord/MAP/LevelTwo.LevelTwo:PersistentLevel.LandscapeStreamingProxy_30BQ2WR44U69KPGEWXVNZ26G9_126_0_2_0
 |   |- Actor Package: /Game/__ExternalActors__/DragonWord/MAP/LevelTwo/2/ZZ/5YF7ULWUUE6JM7M8RV0B4M
 |- [+] Content of Cell MainGrid_L0_X4_Y5
 |   |- Actor Count: 1
 |   |- MinMaxZ: X=16.000 Y=176.000
 |   |- Actor Path: /Game/DragonWord/MAP/LevelTwo.LevelTwo:PersistentLevel.LandscapeStreamingProxy_30BQ2WR44U69KPGEWXVNZ26G9_126_2_3_0
 |   |- Actor Package: /Game/__ExternalActors__/DragonWord/MAP/LevelTwo/3/8X/UYZKDLZ95LEK027HPAVN0H
 |- [+] Content of Cell MainGrid_L0_X1_Y2
 |   |- Actor Count: 1
 |   |- MinMaxZ: X=0.000 Y=200.000
 |   |- Actor Path: /Game/DragonWord/MAP/LevelTwo.LevelTwo:PersistentLevel.LandscapeStreamingProxy_3FWVZUP1D8I7AOMDP9700EO7Q_126_3_0_0
 |   |- Actor Package: /Game/__ExternalActors__/DragonWord/MAP/LevelTwo/3/WE/SLK6TJ3WXGFR9LLZ5ZHROC
 |- [+] Content of Cell MainGrid_L0_X4_Y4
 |   |- Actor Count: 1
 |   |- MinMaxZ: X=16.000 Y=176.000
 |   |- Actor Path: /Game/DragonWord/MAP/LevelTwo.LevelTwo:PersistentLevel.LandscapeStreamingProxy_30BQ2WR44U69KPGEWXVNZ26G9_126_2_2_0
 |   |- Actor Package: /Game/__ExternalActors__/DragonWord/MAP/LevelTwo/3/ZG/AV25YMFTALWA2FCSNJ2N41
 |- [+] Content of Cell MainGrid_L0_X3_Y4
 |   |- Actor Count: 1
 |   |- MinMaxZ: X=16.000 Y=176.000
 |   |- Actor Path: /Game/DragonWord/MAP/LevelTwo.LevelTwo:PersistentLevel.LandscapeStreamingProxy_30BQ2WR44U69KPGEWXVNZ26G9_126_1_2_0
 |   |- Actor Package: /Game/__ExternalActors__/DragonWord/MAP/LevelTwo/4/DE/YAY4GK4MG6AP0WIX6VPZMG
 |- [+] Content of Cell MainGrid_L0_X-2_Y-2
 |   |- Actor Count: 1
 |   |- MinMaxZ: X=100.000 Y=645.312
 |   |- Actor Path: /Game/DragonWord/MAP/LevelTwo.LevelTwo:PersistentLevel.LandscapeStreamingProxy_9M9QAJ0AC6VBH8ULLXNR0IIJ8_126_0_0_0
 |   |- Actor Package: /Game/__ExternalActors__/DragonWord/MAP/LevelTwo/4/K9/T8UEU858LPB7JBG92BGPFG
 |- [+] Content of Cell MainGrid_L0_X0_Y3
 |   |- Actor Count: 1
 |   |- MinMaxZ: X=0.000 Y=200.000
 |   |- Actor Path: /Game/DragonWord/MAP/LevelTwo.LevelTwo:PersistentLevel.LandscapeStreamingProxy_3FWVZUP1D8I7AOMDP9700EO7Q_126_2_1_0
 |   |- Actor Package: /Game/__ExternalActors__/DragonWord/MAP/LevelTwo/5/5U/WKUU6C3SF5L7EETTJ1ECMT
 |- [+] Content of Cell MainGrid_L0_X3_Y5
 |   |- Actor Count: 1
 |   |- MinMaxZ: X=16.000 Y=176.000
 |   |- Actor Path: /Game/DragonWord/MAP/LevelTwo.LevelTwo:PersistentLevel.LandscapeStreamingProxy_30BQ2WR44U69KPGEWXVNZ26G9_126_1_3_0
 |   |- Actor Package: /Game/__ExternalActors__/DragonWord/MAP/LevelTwo/5/R0/US7UPX7H8W14BAMAW3HCTD
 |- [+] Content of Cell MainGrid_L0_X1_Y-1
 |   |- Actor Count: 1
 |   |- MinMaxZ: X=-181.250 Y=4065.625
 |   |- Actor Path: /Game/DragonWord/MAP/LevelTwo.LevelTwo:PersistentLevel.LandscapeStreamingProxy_9M9QAJ0AC6VBH8ULLXNR0IIJ8_126_3_1_0
 |   |- Actor Package: /Game/__ExternalActors__/DragonWord/MAP/LevelTwo/5/SM/VBID2PXRY7ZFQV2ZQMQ2QN
 |- [+] Content of Cell MainGrid_L0_X0_Y2
 |   |- Actor Count: 1
 |   |- MinMaxZ: X=0.000 Y=200.000
 |   |- Actor Path: /Game/DragonWord/MAP/LevelTwo.LevelTwo:PersistentLevel.LandscapeStreamingProxy_3FWVZUP1D8I7AOMDP9700EO7Q_126_2_0_0
 |   |- Actor Package: /Game/__ExternalActors__/DragonWord/MAP/LevelTwo/6/HY/JEA8U95NEPLKEDOZ9ENKAM
 |- [+] Content of Cell MainGrid_L0_X1_Y5
 |   |- Actor Count: 1
 |   |- MinMaxZ: X=0.000 Y=200.000
 |   |- Actor Path: /Game/DragonWord/MAP/LevelTwo.LevelTwo:PersistentLevel.LandscapeStreamingProxy_3FWVZUP1D8I7AOMDP9700EO7Q_126_3_3_0
 |   |- Actor Package: /Game/__ExternalActors__/DragonWord/MAP/LevelTwo/7/19/ECABMX1TAUNZ2MQXSIPJUH
 |- [+] Content of Cell MainGrid_L0_X-1_Y2
 |   |- Actor Count: 1
 |   |- MinMaxZ: X=0.000 Y=200.000
 |   |- Actor Path: /Game/DragonWord/MAP/LevelTwo.LevelTwo:PersistentLevel.LandscapeStreamingProxy_3FWVZUP1D8I7AOMDP9700EO7Q_126_1_0_0
 |   |- Actor Package: /Game/__ExternalActors__/DragonWord/MAP/LevelTwo/7/L0/MRJNQYZ2ZGG3AZNPG0ZHCP
 |- [+] Content of Cell MainGrid_L0_X0_Y5
 |   |- Actor Count: 1
 |   |- MinMaxZ: X=0.000 Y=200.000
 |   |- Actor Path: /Game/DragonWord/MAP/LevelTwo.LevelTwo:PersistentLevel.LandscapeStreamingProxy_3FWVZUP1D8I7AOMDP9700EO7Q_126_2_3_0
 |   |- Actor Package: /Game/__ExternalActors__/DragonWord/MAP/LevelTwo/7/TV/TCQYH2WY74DGB26M5D6RJJ
 |- [+] Content of Cell MainGrid_L0_X-1_Y-2
 |   |- Actor Count: 1
 |   |- MinMaxZ: X=0.000 Y=200.000
 |   |- Actor Path: /Game/DragonWord/MAP/LevelTwo.LevelTwo:PersistentLevel.LandscapeStreamingProxy_9M9QAJ0AC6VBH8ULLXNR0IIJ8_126_1_0_0
 |   |- Actor Package: /Game/__ExternalActors__/DragonWord/MAP/LevelTwo/8/NX/1ZCGVBAQCA20FNQ2DM0ALP
 |- [+] Content of Cell MainGrid_L0_X-1_Y3
 |   |- Actor Count: 1
 |   |- MinMaxZ: X=0.000 Y=200.000
 |   |- Actor Path: /Game/DragonWord/MAP/LevelTwo.LevelTwo:PersistentLevel.LandscapeStreamingProxy_3FWVZUP1D8I7AOMDP9700EO7Q_126_1_1_0
 |   |- Actor Package: /Game/__ExternalActors__/DragonWord/MAP/LevelTwo/9/29/WHZ0K8H0BUEZLYCG64ASN4
 |- [+] Content of Cell MainGrid_L0_X-2_Y0
 |   |- Actor Count: 1
 |   |- MinMaxZ: X=0.000 Y=200.000
 |   |- Actor Path: /Game/DragonWord/MAP/LevelTwo.LevelTwo:PersistentLevel.LandscapeStreamingProxy_9M9QAJ0AC6VBH8ULLXNR0IIJ8_126_0_2_0
 |   |- Actor Package: /Game/__ExternalActors__/DragonWord/MAP/LevelTwo/9/AS/KAPGCYHR3P00L4IQ9IKPYV
 |- [+] Content of Cell MainGrid_L0_X2_Y3
 |   |- Actor Count: 2
 |   |- MinMaxZ: X=16.000 Y=176.000
 |   |- Actor Path: /Game/DragonWord/MAP/LevelTwo.LevelTwo:PersistentLevel.LandscapeStreamingProxy_30BQ2WR44U69KPGEWXVNZ26G9_126_0_1_0
 |   |- Actor Package: /Game/__ExternalActors__/DragonWord/MAP/LevelTwo/9/E4/Y6I0X2789R34OPS4NZLCTL
 |   |- Actor Path: /Game/DragonWord/MAP/LevelTwo.LevelTwo:PersistentLevel.LandscapeStreamingProxy_30BQ2WR44U69KPGEWXVNZ26G9_126_0_0_0
 |   |- Actor Package: /Game/__ExternalActors__/DragonWord/MAP/LevelTwo/A/XU/3OW9ND8XFV5QD6GQG9ZKGA
 |- [+] Content of Cell MainGrid_L0_X1_Y0
 |   |- Actor Count: 1
 |   |- MinMaxZ: X=0.000 Y=200.000
 |   |- Actor Path: /Game/DragonWord/MAP/LevelTwo.LevelTwo:PersistentLevel.LandscapeStreamingProxy_9M9QAJ0AC6VBH8ULLXNR0IIJ8_126_3_2_0
 |   |- Actor Package: /Game/__ExternalActors__/DragonWord/MAP/LevelTwo/9/QT/1AGEA9FWIVQD04CWQAB9GN
 |- [+] Content of Cell MainGrid_L0_X1_Y-2
 |   |- Actor Count: 2
 |   |- MinMaxZ: X=-181.250 Y=1219.531
 |   |- Actor Path: /Game/DragonWord/MAP/LevelTwo.LevelTwo:PersistentLevel.LandscapeStreamingProxy_9M9QAJ0AC6VBH8ULLXNR0IIJ8_126_3_0_0
 |   |- Actor Package: /Game/__ExternalActors__/DragonWord/MAP/LevelTwo/A/1R/JZNQO5D5TANKCJ21R0CELN
 |   |- Actor Path: /Game/DragonWord/MAP/LevelTwo.LevelTwo:PersistentLevel.StefanoPlayer_C_UAID_00933796AD3D2BE001_1218279273
 |   |- Actor Package: /Game/__ExternalActors__/DragonWord/MAP/LevelTwo/C/ZG/FD8VQ08YEF6TTNMUFFS0KJ
 |- [+] Content of Cell MainGrid_L0_X-1_Y5
 |   |- Actor Count: 1
 |   |- MinMaxZ: X=0.000 Y=200.000
 |   |- Actor Path: /Game/DragonWord/MAP/LevelTwo.LevelTwo:PersistentLevel.LandscapeStreamingProxy_3FWVZUP1D8I7AOMDP9700EO7Q_126_1_3_0
 |   |- Actor Package: /Game/__ExternalActors__/DragonWord/MAP/LevelTwo/A/1Z/LFZA6RZ72UEWFKSBTCP5EE
 |- [+] Content of Cell MainGrid_L0_X-2_Y3
 |   |- Actor Count: 1
 |   |- MinMaxZ: X=0.000 Y=200.000
 |   |- Actor Path: /Game/DragonWord/MAP/LevelTwo.LevelTwo:PersistentLevel.LandscapeStreamingProxy_3FWVZUP1D8I7AOMDP9700EO7Q_126_0_1_0
 |   |- Actor Package: /Game/__ExternalActors__/DragonWord/MAP/LevelTwo/A/9S/MSXNBWALURZVVDZLX6F34U
 |- [+] Content of Cell MainGrid_L0_X1_Y1
 |   |- Actor Count: 1
 |   |- MinMaxZ: X=0.000 Y=200.000
 |   |- Actor Path: /Game/DragonWord/MAP/LevelTwo.LevelTwo:PersistentLevel.LandscapeStreamingProxy_9M9QAJ0AC6VBH8ULLXNR0IIJ8_126_3_3_0
 |   |- Actor Package: /Game/__ExternalActors__/DragonWord/MAP/LevelTwo/A/JR/K3XT7XIRUV37DAKCMQNQ7U
 |- [+] Content of Cell MainGrid_L0_X2_Y5
 |   |- Actor Count: 1
 |   |- MinMaxZ: X=16.000 Y=176.000
 |   |- Actor Path: /Game/DragonWord/MAP/LevelTwo.LevelTwo:PersistentLevel.LandscapeStreamingProxy_30BQ2WR44U69KPGEWXVNZ26G9_126_0_3_0
 |   |- Actor Package: /Game/__ExternalActors__/DragonWord/MAP/LevelTwo/A/WT/HM8SLLXUG56JH9CVWL43RX
 |- [+] Content of Cell MainGrid_L0_X5_Y5
 |   |- Actor Count: 1
 |   |- MinMaxZ: X=16.000 Y=176.000
 |   |- Actor Path: /Game/DragonWord/MAP/LevelTwo.LevelTwo:PersistentLevel.LandscapeStreamingProxy_30BQ2WR44U69KPGEWXVNZ26G9_126_3_3_0
 |   |- Actor Package: /Game/__ExternalActors__/DragonWord/MAP/LevelTwo/C/VT/2VHFB1YH1ZM1D6UBZEG1VL
 |- [+] Content of Cell MainGrid_L0_X-1_Y1
 |   |- Actor Count: 1
 |   |- MinMaxZ: X=0.000 Y=200.000
 |   |- Actor Path: /Game/DragonWord/MAP/LevelTwo.LevelTwo:PersistentLevel.LandscapeStreamingProxy_9M9QAJ0AC6VBH8ULLXNR0IIJ8_126_1_3_0
 |   |- Actor Package: /Game/__ExternalActors__/DragonWord/MAP/LevelTwo/D/3C/JRFN26SAV30X50VCO5IV0L
 |- [+] Content of Cell MainGrid_L0_X-1_Y-1
 |   |- Actor Count: 1
 |   |- MinMaxZ: X=0.000 Y=200.000
 |   |- Actor Path: /Game/DragonWord/MAP/LevelTwo.LevelTwo:PersistentLevel.LandscapeStreamingProxy_9M9QAJ0AC6VBH8ULLXNR0IIJ8_126_1_1_0
 |   |- Actor Package: /Game/__ExternalActors__/DragonWord/MAP/LevelTwo/D/CB/O5I4YYB93CYHXDI789NH1J
 |- [+] Content of Cell MainGrid_L0_X-2_Y2
 |   |- Actor Count: 1
 |   |- MinMaxZ: X=0.000 Y=200.000
 |   |- Actor Path: /Game/DragonWord/MAP/LevelTwo.LevelTwo:PersistentLevel.LandscapeStreamingProxy_3FWVZUP1D8I7AOMDP9700EO7Q_126_0_0_0
 |   |- Actor Package: /Game/__ExternalActors__/DragonWord/MAP/LevelTwo/D/DF/N8SVZLXKJUEQPJ4RWCURX0
 |- [+] Content of Cell MainGrid_L0_X-2_Y1
 |   |- Actor Count: 1
 |   |- MinMaxZ: X=0.000 Y=200.000
 |   |- Actor Path: /Game/DragonWord/MAP/LevelTwo.LevelTwo:PersistentLevel.LandscapeStreamingProxy_9M9QAJ0AC6VBH8ULLXNR0IIJ8_126_0_3_0
 |   |- Actor Package: /Game/__ExternalActors__/DragonWord/MAP/LevelTwo/D/T1/FG9X1MIZ6CXT3EDNTGVHDA
 |- [+] Content of Cell MainGrid_L0_X1_Y4
 |   |- Actor Count: 1
 |   |- MinMaxZ: X=0.000 Y=200.000
 |   |- Actor Path: /Game/DragonWord/MAP/LevelTwo.LevelTwo:PersistentLevel.LandscapeStreamingProxy_3FWVZUP1D8I7AOMDP9700EO7Q_126_3_2_0
 |   |- Actor Package: /Game/__ExternalActors__/DragonWord/MAP/LevelTwo/E/B0/AG8SHX9DIMKCDECWMVUR0X
 |- [+] Content of Cell MainGrid_L0_X-2_Y4
 |   |- Actor Count: 1
 |   |- MinMaxZ: X=0.000 Y=200.000
 |   |- Actor Path: /Game/DragonWord/MAP/LevelTwo.LevelTwo:PersistentLevel.LandscapeStreamingProxy_3FWVZUP1D8I7AOMDP9700EO7Q_126_0_2_0
 |   |- Actor Package: /Game/__ExternalActors__/DragonWord/MAP/LevelTwo/E/BT/VN49B98YC9GMF1ZH2D6LED
 |- [+] Content of Cell MainGrid_L0_X0_Y4
 |   |- Actor Count: 1
 |   |- MinMaxZ: X=0.000 Y=200.000
 |   |- Actor Path: /Game/DragonWord/MAP/LevelTwo.LevelTwo:PersistentLevel.LandscapeStreamingProxy_3FWVZUP1D8I7AOMDP9700EO7Q_126_2_2_0
 |   |- Actor Package: /Game/__ExternalActors__/DragonWord/MAP/LevelTwo/E/EK/GWHDVR2IU877MM6QIICUVT
 |- [+] Content of Cell MainGrid_L0_X0_Y-1
 |   |- Actor Count: 1
 |   |- MinMaxZ: X=-31.250 Y=4323.438
 |   |- Actor Path: /Game/DragonWord/MAP/LevelTwo.LevelTwo:PersistentLevel.LandscapeStreamingProxy_9M9QAJ0AC6VBH8ULLXNR0IIJ8_126_2_1_0
 |   |- Actor Package: /Game/__ExternalActors__/DragonWord/MAP/LevelTwo/E/HJ/CKRU6XT60Z9Y0WF7CISQ1I
 |- [+] Content of Cell MainGrid_L0_X-2_Y-1
 |   |- Actor Count: 1
 |   |- MinMaxZ: X=100.000 Y=170.312
 |   |- Actor Path: /Game/DragonWord/MAP/LevelTwo.LevelTwo:PersistentLevel.LandscapeStreamingProxy_9M9QAJ0AC6VBH8ULLXNR0IIJ8_126_0_1_0
 |   |- Actor Package: /Game/__ExternalActors__/DragonWord/MAP/LevelTwo/E/WL/VHVA2FVMVSOLZ1OEO0NE1J
[+] Content of Grid Level 1
[+] Content of Grid Level 2
[+] Content of Grid Level 3
[+] Content of Grid Level 4

