[0307/150936.759:WARNING:backend_impl.cc(1616)] Messed up entry found.
[0307/150936.768:ERROR:entry_impl.cc(1075)] No file for 80000019
[0307/150936.768:ERROR:entry_impl.cc(1075)] No file for 8000001f
[0307/150936.769:ERROR:entry_impl.cc(1075)] No file for 80000020
[0307/150936.770:ERROR:entry_impl.cc(1075)] No file for 80000009
[0307/150936.923:ERROR:entry_impl.cc(1075)] No file for 80000008
[0307/150937.091:WARNING:backend_impl.cc(1837)] Destroying invalid entry.
[0307/150937.544:ERROR:backend_impl.cc(1041)] Critical error found -8
[0307/150937.545:WARNING:storage_block-inl.h(146)] Failed data load.
[0307/150937.545:WARNING:storage_block-inl.h(146)] Failed data load.
[0307/150937.545:ERROR:entry_impl.cc(1075)] No file for c10300b0
[0307/150937.545:WARNING:storage_block-inl.h(146)] Failed data load.
[0307/150937.545:WARNING:storage_block-inl.h(146)] Failed data load.
[0307/150937.545:WARNING:storage_block-inl.h(146)] Failed data load.
[0307/150937.545:WARNING:storage_block-inl.h(146)] Failed data load.
[0307/150937.545:ERROR:entry_impl.cc(1075)] No file for c10300aa
[0307/150937.545:WARNING:storage_block-inl.h(146)] Failed data load.
[0307/150937.546:WARNING:storage_block-inl.h(146)] Failed data load.
[0307/150937.546:WARNING:storage_block-inl.h(146)] Failed data load.
[0307/150937.546:WARNING:storage_block-inl.h(146)] Failed data load.
[0307/150937.546:ERROR:entry_impl.cc(1075)] No file for c10300b2
[0307/150937.546:WARNING:storage_block-inl.h(146)] Failed data load.
[0307/150937.546:WARNING:storage_block-inl.h(146)] Failed data load.
[0307/150937.546:WARNING:storage_block-inl.h(146)] Failed data load.
[0307/150937.546:WARNING:storage_block-inl.h(146)] Failed data load.
[0307/150937.546:ERROR:entry_impl.cc(1075)] No file for c10300b4
[0307/150937.546:WARNING:storage_block-inl.h(146)] Failed data load.
[0307/150937.546:WARNING:storage_block-inl.h(146)] Failed data load.
[0307/150937.546:WARNING:storage_block-inl.h(146)] Failed data load.
[0307/150937.546:WARNING:storage_block-inl.h(146)] Failed data load.
[0307/150937.546:ERROR:entry_impl.cc(1075)] No file for c10300b6
[0307/150937.546:WARNING:storage_block-inl.h(146)] Failed data load.
[0307/150937.546:WARNING:storage_block-inl.h(146)] Failed data load.
[0307/150937.546:WARNING:storage_block-inl.h(146)] Failed data load.
[0307/150937.546:WARNING:storage_block-inl.h(146)] Failed data load.
[0307/150937.546:ERROR:entry_impl.cc(1075)] No file for c10300bc
[0307/150937.547:WARNING:storage_block-inl.h(146)] Failed data load.
[0307/150937.548:WARNING:storage_block-inl.h(146)] Failed data load.
[0307/150937.548:WARNING:storage_block-inl.h(146)] Failed data load.
[0307/150937.548:WARNING:storage_block-inl.h(146)] Failed data load.
[0307/150937.548:ERROR:entry_impl.cc(1075)] No file for c10300be
[0307/150937.548:WARNING:storage_block-inl.h(146)] Failed data load.
[0307/150937.548:WARNING:storage_block-inl.h(146)] Failed data load.
[0307/150937.548:WARNING:storage_block-inl.h(146)] Failed data load.
[0307/150937.548:WARNING:storage_block-inl.h(146)] Failed data load.
[0307/150937.548:ERROR:entry_impl.cc(1075)] No file for c10300c4
[0307/150937.549:WARNING:storage_block-inl.h(146)] Failed data load.
[0307/150937.549:WARNING:storage_block-inl.h(146)] Failed data load.
[0307/150937.549:WARNING:storage_block-inl.h(146)] Failed data load.
[0307/150937.550:WARNING:storage_block-inl.h(146)] Failed data load.
[0307/150937.550:WARNING:storage_block-inl.h(146)] Failed data load.
[0307/150937.550:WARNING:storage_block-inl.h(146)] Failed data load.
[0307/150937.550:WARNING:storage_block-inl.h(146)] Failed data load.
[0307/150937.550:WARNING:storage_block-inl.h(146)] Failed data load.
[0307/150937.592:WARNING:storage_block-inl.h(146)] Failed data load.
[0307/150937.592:WARNING:storage_block-inl.h(146)] Failed data load.
[0307/150937.592:WARNING:storage_block-inl.h(146)] Failed data load.
[0307/150937.593:WARNING:storage_block-inl.h(146)] Failed data load.
[0307/150937.593:WARNING:storage_block-inl.h(146)] Failed data load.
[0307/150937.593:WARNING:storage_block-inl.h(146)] Failed data load.
[0307/150937.594:WARNING:storage_block-inl.h(146)] Failed data load.
[0307/150937.594:WARNING:storage_block-inl.h(146)] Failed data load.
[0307/150937.610:WARNING:storage_block-inl.h(146)] Failed data load.
[0307/150937.610:WARNING:storage_block-inl.h(146)] Failed data load.
[0307/150937.632:WARNING:storage_block-inl.h(146)] Failed data load.
[0307/150937.632:WARNING:storage_block-inl.h(146)] Failed data load.
[0307/150937.679:WARNING:storage_block-inl.h(146)] Failed data load.
[0307/150937.679:WARNING:storage_block-inl.h(146)] Failed data load.
[0307/150937.698:WARNING:storage_block-inl.h(146)] Failed data load.
[0307/150937.698:WARNING:storage_block-inl.h(146)] Failed data load.
[0307/150937.698:WARNING:storage_block-inl.h(146)] Failed data load.
[0307/150937.698:WARNING:storage_block-inl.h(146)] Failed data load.
[0307/150937.705:WARNING:storage_block-inl.h(146)] Failed data load.
[0307/150937.705:WARNING:storage_block-inl.h(146)] Failed data load.
[0307/150937.705:ERROR:entry_impl.cc(998)] Failed to save user data
[0307/150937.706:WARNING:storage_block-inl.h(146)] Failed data load.
[0307/150937.706:WARNING:storage_block-inl.h(146)] Failed data load.
[0307/150937.707:WARNING:storage_block-inl.h(146)] Failed data load.
[0307/150937.707:WARNING:storage_block-inl.h(146)] Failed data load.
[0307/150937.726:WARNING:storage_block-inl.h(146)] Failed data load.
[0307/150937.726:WARNING:storage_block-inl.h(146)] Failed data load.
[0307/150937.727:WARNING:storage_block-inl.h(146)] Failed data load.
[0307/150937.727:WARNING:storage_block-inl.h(146)] Failed data load.
[0307/150937.727:WARNING:storage_block-inl.h(146)] Failed data load.
[0307/150937.727:WARNING:storage_block-inl.h(146)] Failed data load.
[0307/150937.727:WARNING:storage_block-inl.h(146)] Failed data load.
[0307/150937.727:WARNING:storage_block-inl.h(146)] Failed data load.
[0307/150937.727:WARNING:storage_block-inl.h(146)] Failed data load.
[0307/150937.728:ERROR:entry_impl.cc(998)] Failed to save user data
[0307/150937.729:WARNING:storage_block-inl.h(146)] Failed data load.
[0307/150937.730:WARNING:storage_block-inl.h(146)] Failed data load.
[0307/150937.730:WARNING:storage_block-inl.h(146)] Failed data load.
[0307/150937.730:WARNING:storage_block-inl.h(146)] Failed data load.
[0307/150937.743:WARNING:storage_block-inl.h(146)] Failed data load.
[0307/150937.743:WARNING:storage_block-inl.h(146)] Failed data load.
[0307/150937.744:WARNING:storage_block-inl.h(146)] Failed data load.
[0307/150937.744:WARNING:storage_block-inl.h(146)] Failed data load.
[0307/150937.744:WARNING:storage_block-inl.h(146)] Failed data load.
[0307/150937.744:ERROR:entry_impl.cc(998)] Failed to save user data
[0307/150937.747:WARNING:storage_block-inl.h(146)] Failed data load.
[0307/150937.747:WARNING:storage_block-inl.h(146)] Failed data load.
[0307/150937.747:WARNING:storage_block-inl.h(146)] Failed data load.
[0307/150937.747:WARNING:storage_block-inl.h(146)] Failed data load.
[0307/150937.748:WARNING:storage_block-inl.h(146)] Failed data load.
[0307/150937.748:WARNING:storage_block-inl.h(146)] Failed data load.
[0307/150937.748:WARNING:storage_block-inl.h(146)] Failed data load.
[0307/150937.749:WARNING:storage_block-inl.h(146)] Failed data load.
[0307/150937.749:WARNING:storage_block-inl.h(146)] Failed data load.
[0307/150937.749:WARNING:storage_block-inl.h(146)] Failed data load.
[0307/150937.749:WARNING:storage_block-inl.h(146)] Failed data load.
[0307/150937.749:WARNING:storage_block-inl.h(146)] Failed data load.
[0307/150937.750:WARNING:storage_block-inl.h(146)] Failed data load.
[0307/150937.750:WARNING:storage_block-inl.h(146)] Failed data load.
[0307/150937.750:WARNING:storage_block-inl.h(146)] Failed data load.
[0307/150937.750:WARNING:storage_block-inl.h(146)] Failed data load.
[0307/150937.750:WARNING:storage_block-inl.h(146)] Failed data load.
[0307/150937.751:WARNING:storage_block-inl.h(146)] Failed data load.
[0307/150937.751:WARNING:storage_block-inl.h(146)] Failed data load.
[0307/150937.751:WARNING:storage_block-inl.h(146)] Failed data load.
[0307/150937.751:WARNING:storage_block-inl.h(146)] Failed data load.
[0307/150937.753:WARNING:storage_block-inl.h(146)] Failed data load.
[0307/150937.753:WARNING:storage_block-inl.h(146)] Failed data load.
[0307/150937.753:WARNING:storage_block-inl.h(146)] Failed data load.
[0307/150937.753:WARNING:storage_block-inl.h(146)] Failed data load.
[0307/150937.754:WARNING:storage_block-inl.h(146)] Failed data load.
[0307/150937.754:WARNING:storage_block-inl.h(146)] Failed data load.
[0307/150937.755:WARNING:storage_block-inl.h(146)] Failed data load.
[0307/150937.755:WARNING:storage_block-inl.h(146)] Failed data load.
[0307/150937.757:WARNING:storage_block-inl.h(146)] Failed data load.
[0307/150937.761:WARNING:storage_block-inl.h(146)] Failed data load.
[0307/150937.761:WARNING:storage_block-inl.h(146)] Failed data load.
[0307/150937.770:WARNING:storage_block-inl.h(146)] Failed data load.
[0307/150937.770:WARNING:storage_block-inl.h(146)] Failed data load.
[0307/150937.787:WARNING:storage_block-inl.h(146)] Failed data load.
[0307/150937.787:WARNING:storage_block-inl.h(146)] Failed data load.
[0307/150937.788:WARNING:storage_block-inl.h(146)] Failed data load.
[0307/150937.788:WARNING:storage_block-inl.h(146)] Failed data load.
[0307/150937.788:WARNING:storage_block-inl.h(146)] Failed data load.
[0307/150937.788:WARNING:storage_block-inl.h(146)] Failed data load.
[0307/150937.788:WARNING:storage_block-inl.h(146)] Failed data load.
[0307/150937.789:WARNING:storage_block-inl.h(146)] Failed data load.
[0307/150937.789:WARNING:storage_block-inl.h(146)] Failed data load.
[0307/150937.789:WARNING:storage_block-inl.h(146)] Failed data load.
[0307/150937.789:WARNING:storage_block-inl.h(146)] Failed data load.
[0307/150937.790:WARNING:storage_block-inl.h(146)] Failed data load.
[0307/150937.790:WARNING:storage_block-inl.h(146)] Failed data load.
[0307/150937.790:WARNING:storage_block-inl.h(146)] Failed data load.
[0307/150937.790:ERROR:entry_impl.cc(998)] Failed to save user data
[0307/150937.792:WARNING:storage_block-inl.h(146)] Failed data load.
[0307/150937.792:WARNING:storage_block-inl.h(146)] Failed data load.
[0307/150937.792:WARNING:storage_block-inl.h(146)] Failed data load.
[0307/150937.792:WARNING:storage_block-inl.h(146)] Failed data load.
[0307/150937.792:WARNING:storage_block-inl.h(146)] Failed data load.
[0307/150937.793:WARNING:storage_block-inl.h(146)] Failed data load.
[0307/150937.793:WARNING:storage_block-inl.h(146)] Failed data load.
[0307/150937.793:WARNING:storage_block-inl.h(146)] Failed data load.
[0307/150937.793:WARNING:storage_block-inl.h(146)] Failed data load.
[0307/150937.793:WARNING:storage_block-inl.h(146)] Failed data load.
[0307/150937.793:WARNING:storage_block-inl.h(146)] Failed data load.
[0307/150937.793:WARNING:storage_block-inl.h(146)] Failed data load.
[0307/150937.794:WARNING:storage_block-inl.h(146)] Failed data load.
[0307/150937.794:WARNING:storage_block-inl.h(146)] Failed data load.
[0307/150937.794:WARNING:storage_block-inl.h(146)] Failed data load.
[0307/150937.794:WARNING:storage_block-inl.h(146)] Failed data load.
[0307/150937.794:WARNING:storage_block-inl.h(146)] Failed data load.
[0307/150937.794:WARNING:storage_block-inl.h(146)] Failed data load.
[0307/150937.794:WARNING:storage_block-inl.h(146)] Failed data load.
[0307/150937.794:WARNING:storage_block-inl.h(146)] Failed data load.
[0307/150937.795:WARNING:storage_block-inl.h(146)] Failed data load.
[0307/150937.795:WARNING:storage_block-inl.h(146)] Failed data load.
[0307/150937.795:WARNING:storage_block-inl.h(146)] Failed data load.
[0307/150937.795:WARNING:storage_block-inl.h(146)] Failed data load.
[0307/150937.795:WARNING:storage_block-inl.h(146)] Failed data load.
[0307/150937.795:WARNING:storage_block-inl.h(146)] Failed data load.
[0307/150937.795:WARNING:storage_block-inl.h(146)] Failed data load.
[0307/150937.803:WARNING:storage_block-inl.h(146)] Failed data load.
[0307/150937.803:WARNING:storage_block-inl.h(146)] Failed data load.
[0307/150937.804:WARNING:storage_block-inl.h(146)] Failed data load.
[0307/150937.805:WARNING:storage_block-inl.h(146)] Failed data load.
[0307/150937.805:WARNING:storage_block-inl.h(146)] Failed data load.
[0307/150937.805:WARNING:storage_block-inl.h(146)] Failed data load.
[0307/150937.858:WARNING:storage_block-inl.h(146)] Failed data load.
[0307/150937.858:WARNING:storage_block-inl.h(146)] Failed data load.
[0307/150937.860:WARNING:storage_block-inl.h(146)] Failed data load.
[0307/150937.860:WARNING:storage_block-inl.h(146)] Failed data load.
[0307/150937.860:WARNING:storage_block-inl.h(146)] Failed data load.
[0307/150937.862:WARNING:storage_block-inl.h(146)] Failed data load.
[0307/150937.862:WARNING:storage_block-inl.h(146)] Failed data load.
[0307/150937.862:WARNING:storage_block-inl.h(146)] Failed data load.
[0307/150937.863:WARNING:storage_block-inl.h(146)] Failed data load.
[0307/150937.874:ERROR:entry_impl.cc(998)] Failed to save user data
[0307/151113.750:ERROR:gpu_init.cc(426)] Passthrough is not supported, GL is disabled
[0307/152259.918:ERROR:cache_util_win.cc(20)] Unable to move the cache: Access is denied. (0x5)
[0307/152259.919:ERROR:cache_util.cc(144)] Unable to move cache folder C:/Users/makem/Documents/GitHub/DragonWordz/Saved/webcache_4430\Cache to C:/Users/makem/Documents/GitHub/DragonWordz/Saved/webcache_4430\old_Cache_000
[0307/152259.919:ERROR:disk_cache.cc(184)] Unable to create cache
[0307/152307.714:WARNING:value_store_frontend.cc(45)] Reading mhjfbmdgcfjbbpaeojofohoefgiehjai.alarms from  failed: IO error: .../LOCK: File currently in use. (ChromeMethodBFE: 15::LockFile::2)
