[0325/110815.174:ERROR:backend_impl.cc(1041)] Critical error found -8
[0325/110815.183:WARNING:storage_block-inl.h(146)] Failed data load.
[0325/110815.183:ERROR:entry_impl.cc(1075)] No file for c1030020
[0325/110815.183:WARNING:storage_block-inl.h(146)] Failed data load.
[0325/110821.525:WARNING:value_store_frontend.cc(45)] Reading mhjfbmdgcfjbbpaeojofohoefgiehjai.alarms from  failed: IO error: .../MANIFEST-000001: Unable to create sequential file (ChromeMethodBFE: 7::NewSequentialFile::1)
[0325/110826.877:WARNING:spdy_session.cc(3431)] Received HEADERS for invalid stream 3
[0325/110826.887:WARNING:spdy_session.cc(3431)] Received HEADERS for invalid stream 5
[0325/110826.887:WARNING:spdy_session.cc(3431)] Received HEADERS for invalid stream 7
[0325/110826.887:WARNING:spdy_session.cc(3431)] Received HEADERS for invalid stream 11
[0325/110826.887:WARNING:spdy_session.cc(3431)] Received HEADERS for invalid stream 13
[0325/110826.887:WARNING:spdy_session.cc(3431)] Received HEADERS for invalid stream 9
[0325/110826.943:WARNING:spdy_session.cc(3431)] Received HEADERS for invalid stream 1
[0325/110827.033:WARNING:spdy_session.cc(3431)] Received HEADERS for invalid stream 5
[0325/110827.033:WARNING:spdy_session.cc(3431)] Received HEADERS for invalid stream 3
[0325/110827.033:WARNING:spdy_session.cc(3431)] Received HEADERS for invalid stream 7
[0325/110827.046:WARNING:spdy_session.cc(3431)] Received HEADERS for invalid stream 13
[0325/110827.062:WARNING:spdy_session.cc(3431)] Received HEADERS for invalid stream 11
[0325/110827.075:WARNING:spdy_session.cc(3431)] Received HEADERS for invalid stream 19
[0325/110827.104:WARNING:spdy_session.cc(3431)] Received HEADERS for invalid stream 21
[0325/110827.115:WARNING:spdy_session.cc(3431)] Received HEADERS for invalid stream 33
[0325/110827.260:WARNING:spdy_session.cc(3431)] Received HEADERS for invalid stream 9
[0325/110827.260:WARNING:spdy_session.cc(3431)] Received HEADERS for invalid stream 15
[0325/110827.260:WARNING:spdy_session.cc(3431)] Received HEADERS for invalid stream 17
[0325/110827.260:WARNING:spdy_session.cc(3431)] Received HEADERS for invalid stream 23
[0325/110827.260:WARNING:spdy_session.cc(3431)] Received HEADERS for invalid stream 25
[0325/110827.260:WARNING:spdy_session.cc(3431)] Received HEADERS for invalid stream 27
[0325/110827.260:WARNING:spdy_session.cc(3431)] Received HEADERS for invalid stream 29
[0325/110827.276:WARNING:spdy_session.cc(3431)] Received HEADERS for invalid stream 39
[0325/110827.280:WARNING:spdy_session.cc(3431)] Received HEADERS for invalid stream 41
[0325/110827.283:WARNING:spdy_session.cc(3431)] Received HEADERS for invalid stream 31
[0325/110827.283:WARNING:spdy_session.cc(3431)] Received HEADERS for invalid stream 35
[0325/110827.283:WARNING:spdy_session.cc(3431)] Received HEADERS for invalid stream 37
[0325/111005.992:ERROR:gpu_init.cc(426)] Passthrough is not supported, GL is disabled
